[18:35:59.586][INFO][CraftTweaker-EarlyInit]: CraftTweaker is running on a Minecraft 1.20.1 production server modded with platform Forge
[18:35:59.597][INFO][CraftTweaker-EarlyInit]: Successfully injected RecipeFS file system
[18:35:59.625][INFO][CraftTweaker-Plugins]: Successfully identified and loaded plugin farmersdelight:crafttweaker_plugin
[18:35:59.637][INFO][CraftTweaker-Plugins]: Successfully identified and loaded plugin crafttweaker:builtin
[18:35:59.638][INFO][CraftTweaker-Plugins]: Successfully identified and loaded plugin crafttweaker:builtin_forge
[18:35:59.641][INFO][CraftTweaker-Plugins]: Successfully identified and loaded plugin createtweaker:sifter
[18:35:59.644][INFO][CraftTweaker-Plugins]: Successfully identified and loaded plugin createtweaker:main
[18:36:00.491][INFO][CraftTweaker]: The following mods have explicit CraftTweaker support through the default plugin:
[18:36:00.492][INFO][CraftTweaker]: - 'crafttweaker' at version '14.0.44'
[18:36:00.492][INFO][CraftTweaker]: - 'createsifter' at version '1.20.1-1.8.2.j-55'
[18:36:00.492][INFO][CraftTweaker]: - 'createtweaker' at version '4.0.13'
[18:36:00.492][INFO][CraftTweaker]: - 'farmersdelight' at version '1.20.1-1.2.6'
[18:36:07.489][INFO][CraftTweaker-ZenCode]: Started loading scripts for loader 'initialize'
[18:36:07.828][INFO][CraftTweaker-ZenCode]: Compiling and executing scripts
[18:36:07.861][INFO][CraftTweaker-ZenCode]: Successfully initialized modules [crafttweaker, expansions]
[18:36:07.949][INFO][CraftTweaker-ZenCode]: Execution for loader 'initialize' completed successfully
[18:36:14.569][INFO][CraftTweaker-ZenCode]: Started loading scripts for loader 'tags'
[18:36:14.604][INFO][CraftTweaker-ZenCode]: Compiling and executing scripts
[18:36:14.622][INFO][CraftTweaker-ZenCode]: Successfully initialized modules [crafttweaker, expansions]
[18:36:14.635][INFO][CraftTweaker-ZenCode]: Execution for loader 'tags' completed successfully
[18:36:15.611][INFO][CraftTweaker]: crafttweaker.reload.start
[18:36:15.615][INFO][CraftTweaker-ZenCode]: Started loading scripts for loader 'crafttweaker'
[18:36:15.644][INFO][CraftTweaker-ZenCode]: Compiling and executing scripts
[18:36:16.083][INFO][CraftTweaker-ZenCode]: Successfully initialized modules [mods, crafttweaker, expansions]
[18:36:16.097][INFO][CraftTweaker-ZenCode]: Execution for loader 'crafttweaker' completed successfully
[18:36:16.098][INFO][CraftTweaker]: crafttweaker.reload.complete
