[18:01:20] [modloading-worker-0/INFO] ========================================
[18:01:20] [modloading-worker-0/INFO] Minecraft: 1.20.1
[18:01:20] [modloading-worker-0/INFO] Side: server
[18:01:20] [modloading-worker-0/INFO] Development: false
[18:01:20] [modloading-worker-0/INFO] Version: 12.1.785
[18:01:20] [modloading-worker-0/INFO] Loader:
[18:01:20] [modloading-worker-0/INFO] - Forge: 47.3.7
[18:01:20] [modloading-worker-0/INFO] Dependencies:
[18:01:20] [modloading-worker-0/INFO] - Cloth Config: 11.1.136
[18:01:20] [modloading-worker-0/INFO] - Architectury: 9.2.14
[18:01:20] [modloading-worker-0/INFO] Mixin: 0.8.5
[18:01:20] [modloading-worker-0/INFO] OS: Linux 6.5.0-1025-azure (amd64)
[18:01:20] [modloading-worker-0/INFO] Java: 21.0.5 (Ubuntu)
[18:01:20] [modloading-worker-0/INFO] ========================================
[18:01:20] [modloading-worker-0/INFO] Mods:
[18:01:20] [modloading-worker-0/INFO] - aeroblender: 1.20.1-1.0.2-rc1-neoforge
[18:01:20] [modloading-worker-0/INFO] - aether: 1.20.1-1.5.2-neoforge
[18:01:20] [modloading-worker-0/INFO] - aether_villages: 1.0.7
[18:01:20] [modloading-worker-0/INFO] - alexsartifacts: 1.0.2.1-1.20.1
[18:01:20] [modloading-worker-0/INFO] - alexscaves: 2.0.2
[18:01:20] [modloading-worker-0/INFO] - alexsdelight: 1.5
[18:01:20] [modloading-worker-0/INFO] - alexsmobs: 1.22.9
[18:01:20] [modloading-worker-0/INFO] - alexsmobsnaturalistcompat: 1.1.0
[18:01:20] [modloading-worker-0/INFO] - alternate_current: 1.7.0
[18:01:20] [modloading-worker-0/INFO] - apotheosis: 7.4.5
[18:01:20] [modloading-worker-0/INFO] - apotheosisartifacts: 1.0.1.2-1.20.1-beta
[18:01:20] [modloading-worker-0/INFO] - apothiccurios: 1.0.3d
[18:01:20] [modloading-worker-0/INFO] - architectury: 9.2.14
[18:01:20] [modloading-worker-0/INFO] - artifacts: 9.5.13
[18:01:20] [modloading-worker-0/INFO] - attributeslib: 1.3.7
[18:01:20] [modloading-worker-0/INFO] - attributizer: 2.1
[18:01:20] [modloading-worker-0/INFO] - balm: 7.3.11
[18:01:20] [modloading-worker-0/INFO] - betterdungeons: 1.20-Forge-4.0.4
[18:01:20] [modloading-worker-0/INFO] - bettervillage: 3.2.0
[18:01:20] [modloading-worker-0/INFO] - biomesoplenty: 19.0.0.94
[18:01:20] [modloading-worker-0/INFO] - botarium: 2.3.4
[18:01:20] [modloading-worker-0/INFO] - carryon: 2.1.2.7
[18:01:20] [modloading-worker-0/INFO] - cataclysm: 2.43
[18:01:20] [modloading-worker-0/INFO] - cataclysm_ut: 1.63.0
[18:01:20] [modloading-worker-0/INFO] - citadel: 2.6.1
[18:01:20] [modloading-worker-0/INFO] - cloth_config: 11.1.136
[18:01:20] [modloading-worker-0/INFO] - clumps: 12.0.0.4
[18:01:20] [modloading-worker-0/INFO] - comforts: 6.4.0+1.20.1
[18:01:20] [modloading-worker-0/INFO] - connectivity: 1.20.1-6.5
[18:01:20] [modloading-worker-0/INFO] - corgilib: 4.0.3.3
[18:01:20] [modloading-worker-0/INFO] - corn_delight: 1.1.6-1.20.1
[18:01:20] [modloading-worker-0/INFO] - coroutil: 1.20.1-1.3.7
[18:01:20] [modloading-worker-0/INFO] - create: 0.5.1.j
[18:01:20] [modloading-worker-0/INFO] - create_central_kitchen: 1.3.12
[18:01:20] [modloading-worker-0/INFO] - create_confectionery: 1.1.0
[18:01:20] [modloading-worker-0/INFO] - create_connected: 0.9.3-mc1.20.1
[18:01:20] [modloading-worker-0/INFO] - create_copper_and_zinc: 1.6.0
[18:01:20] [modloading-worker-0/INFO] - create_dd: 0.1b.Release-Early-Dev
[18:01:20] [modloading-worker-0/INFO] - create_dragon_lib: 1.4.3
[18:01:20] [modloading-worker-0/INFO] - create_enchantment_industry: 1.2.9.d
[18:01:20] [modloading-worker-0/INFO] - create_ironworks: 3.1.0
[18:01:20] [modloading-worker-0/INFO] - create_new_age: 1.1.2
[18:01:20] [modloading-worker-0/INFO] - create_sa: 2.0.6
[18:01:20] [modloading-worker-0/INFO] - create_slime_craft: 1.3.1
[18:01:20] [modloading-worker-0/INFO] - create_structures: 0.1.1
[18:01:20] [modloading-worker-0/INFO] - create_structures_arise: 144.17.16
[18:01:20] [modloading-worker-0/INFO] - create_ultimate_factory: 1.9.0
[18:01:20] [modloading-worker-0/INFO] - create_waystones_recipes: 1.0.1.b
[18:01:20] [modloading-worker-0/INFO] - createaddition: 1.20.1-1.2.5
[18:01:20] [modloading-worker-0/INFO] - createarmory: 0.5
[18:01:20] [modloading-worker-0/INFO] - createbigcannons: 5.8.2
[18:01:20] [modloading-worker-0/INFO] - createchunkloading: 1.6.0
[18:01:20] [modloading-worker-0/INFO] - createdeco: 2.0.2-1.20.1-forge
[18:01:20] [modloading-worker-0/INFO] - createdieselgenerators: 1.20.1-1.2i
[18:01:20] [modloading-worker-0/INFO] - createliquidfuel: 2.1.1-1.20.1
[18:01:20] [modloading-worker-0/INFO] - createoreexcavation: 1.5.3
[18:01:20] [modloading-worker-0/INFO] - creatingspace: 1.20.1_1.7.9
[18:01:20] [modloading-worker-0/INFO] - ctov: 3.4.11
[18:01:20] [modloading-worker-0/INFO] - cumulus_menus: 1.20.1-1.0.1-neoforge
[18:01:20] [modloading-worker-0/INFO] - cupboard: 1.20.1-2.7
[18:01:20] [modloading-worker-0/INFO] - curios: 5.11.1+1.20.1
[18:01:20] [modloading-worker-0/INFO] - deep_aether: 1.20.1-1.0.4
[18:01:20] [modloading-worker-0/INFO] - diagonalblocks: 8.0.6
[18:01:20] [modloading-worker-0/INFO] - diagonalfences: 8.1.5
[18:01:20] [modloading-worker-0/INFO] - do_a_barrel_roll: 3.5.6+1.20.1
[18:01:20] [modloading-worker-0/INFO] - dungeoncrawl: 2.3.15
[18:01:20] [modloading-worker-0/INFO] - dungeons_arise: 2.1.58-1.20.x
[18:01:20] [modloading-worker-0/INFO] - dynamiclights: 1.20.1.2
[18:01:20] [modloading-worker-0/INFO] - dynamicvillage: 0.4
[18:01:20] [modloading-worker-0/INFO] - endrem: 5.3.3-R-1.20.1
[18:01:20] [modloading-worker-0/INFO] - expandability: 9.0.4
[18:01:20] [modloading-worker-0/INFO] - explorify: 1.6.2
[18:01:20] [modloading-worker-0/INFO] - fallingtree: 4.3.4
[18:01:20] [modloading-worker-0/INFO] - farmers_structures: 1.0.0
[18:01:20] [modloading-worker-0/INFO] - farmersdelight: 1.20.1-1.2.6
[18:01:20] [modloading-worker-0/INFO] - fastasyncworldsave: 1.20.1-2.3
[18:01:20] [modloading-worker-0/INFO] - ferritecore: 6.0.1
[18:01:20] [modloading-worker-0/INFO] - flywheel: 0.6.11-13
[18:01:20] [modloading-worker-0/INFO] - forge: 47.3.7
[18:01:20] [modloading-worker-0/INFO] - framedblocks: 9.3.1
[18:01:20] [modloading-worker-0/INFO] - ftblibrary: 2001.2.7
[18:01:20] [modloading-worker-0/INFO] - ftbultimine: 2001.1.5
[18:01:20] [modloading-worker-0/INFO] - fusion: 1.2.3
[18:01:20] [modloading-worker-0/INFO] - geckolib: 4.7
[18:01:20] [modloading-worker-0/INFO] - glitchcore: 0.0.1.1
[18:01:20] [modloading-worker-0/INFO] - incendium: 5.3.5
[18:01:20] [modloading-worker-0/INFO] - interiors: 0.5.6
[18:01:20] [modloading-worker-0/INFO] - ironfurnaces: 4.1.6
[18:01:20] [modloading-worker-0/INFO] - jade: 11.12.3+forge
[18:01:20] [modloading-worker-0/INFO] - jadeaddons: 5.3.1+forge
[18:01:20] [modloading-worker-0/INFO] - kotlinforforge: 4.11.0
[18:01:20] [modloading-worker-0/INFO] - ksyxis: 1.3.2
[18:01:20] [modloading-worker-0/INFO] - kuma_api: 20.1.9-SNAPSHOT
[18:01:20] [modloading-worker-0/INFO] - libraryferret: 4.0.0
[18:01:20] [modloading-worker-0/INFO] - lionfishapi: 2.4-Fix
[18:01:20] [modloading-worker-0/INFO] - lithostitched: 1.4
[18:01:20] [modloading-worker-0/INFO] - lootr: 0.7.35.90
[18:01:20] [modloading-worker-0/INFO] - mcwbridges: 3.0.0
[18:01:20] [modloading-worker-0/INFO] - mcwdoors: 1.1.1
[18:01:20] [modloading-worker-0/INFO] - mcwfences: 1.1.2
[18:01:20] [modloading-worker-0/INFO] - mcwfurnitures: 3.3.0
[18:01:20] [modloading-worker-0/INFO] - mcwtrpdoors: 1.1.4
[18:01:20] [modloading-worker-0/INFO] - mcwwindows: 2.3.0
[18:01:20] [modloading-worker-0/INFO] - minecraft: 1.20.1
[18:01:20] [modloading-worker-0/INFO] - miners_delight: 1.20.1-1.2.3
[18:01:20] [modloading-worker-0/INFO] - mixinextras: 0.4.1
[18:01:20] [modloading-worker-0/INFO] - moa_decor_art: 1.20.1
[18:01:20] [modloading-worker-0/INFO] - moa_decor_bath: 1.20.1
[18:01:20] [modloading-worker-0/INFO] - moa_decor_cookery: 1.20.1
[18:01:20] [modloading-worker-0/INFO] - moa_decor_electronics: 1.20.1.
[18:01:20] [modloading-worker-0/INFO] - moa_decor_lights: 1.20.1
[18:01:20] [modloading-worker-0/INFO] - moa_decor_science: 1.20.1
[18:01:20] [modloading-worker-0/INFO] - moa_decor_toys: 1.20.1
[18:01:20] [modloading-worker-0/INFO] - modernfix: 5.20.2+mc1.20.1
[18:01:20] [modloading-worker-0/INFO] - mr_tidal_towns: 1.3.4
[18:01:20] [modloading-worker-0/INFO] - mutil: 6.1.1
[18:01:20] [modloading-worker-0/INFO] - mysterious_mountain_lib: 1.5.17-1.20.1
[18:01:20] [modloading-worker-0/INFO] - nerb: 0.4.1
[18:01:20] [modloading-worker-0/INFO] - nethersdelight: 1.20.1-4.0
[18:01:20] [modloading-worker-0/INFO] - nitrogen_internals: 1.20.1-1.0.12-neoforge
[18:01:20] [modloading-worker-0/INFO] - nullscape: 1.2.8
[18:01:20] [modloading-worker-0/INFO] - octolib: 0.4.2
[18:01:20] [modloading-worker-0/INFO] - onlyhammersandexcavators: 1.20.1-0.3
[18:01:20] [modloading-worker-0/INFO] - patchouli: 1.20.1-84-FORGE
[18:01:20] [modloading-worker-0/INFO] - pehkui: 3.8.2+1.20.1-forge
[18:01:20] [modloading-worker-0/INFO] - pipez: 1.20.1-1.2.16
[18:01:20] [modloading-worker-0/INFO] - placebo: 8.6.2
[18:01:20] [modloading-worker-0/INFO] - puzzlesaccessapi: 8.0.7
[18:01:20] [modloading-worker-0/INFO] - puzzleslib: 8.1.25
[18:01:20] [modloading-worker-0/INFO] - quark: 4.0-460
[18:01:20] [modloading-worker-0/INFO] - quarkoddities: 1.20.1
[18:01:20] [modloading-worker-0/INFO] - raccompat: 0.1.3
[18:01:20] [modloading-worker-0/INFO] - railways: 1.6.7+forge-mc1.20.1
[18:01:20] [modloading-worker-0/INFO] - ramcompat: 0.1.4
[18:01:20] [modloading-worker-0/INFO] - rarcompat: 0.1.7
[18:01:20] [modloading-worker-0/INFO] - rechiseled: 1.1.6
[18:01:20] [modloading-worker-0/INFO] - rechiseledcreate: 1.0.2
[18:01:20] [modloading-worker-0/INFO] - regions_unexplored: 0.5.6
[18:01:20] [modloading-worker-0/INFO] - relics: 0.8.0.7
[18:01:20] [modloading-worker-0/INFO] - repurposed_structures: 7.1.15+1.20.1-forge
[18:01:20] [modloading-worker-0/INFO] - ritchiesprojectilelib: 2.0.0-dev+mc.1.20.1-forge-build.182
[18:01:20] [modloading-worker-0/INFO] - roughlyenoughitems: 12.1.785
[18:01:20] [modloading-worker-0/INFO] - roughlyenoughprofessions: 2.0.2
[18:01:20] [modloading-worker-0/INFO] - roughlyenoughresources: 2.9.0
[18:01:20] [modloading-worker-0/INFO] - rustic_engineer: 1.0.0
[18:01:20] [modloading-worker-0/INFO] - securitycraft: 1.9.12
[18:01:20] [modloading-worker-0/INFO] - sit: 1.3.5
[18:01:20] [modloading-worker-0/INFO] - skyvillages: 1.0.4
[18:01:20] [modloading-worker-0/INFO] - sliceanddice: 3.3.0
[18:01:20] [modloading-worker-0/INFO] - sophisticatedbackpacks: 3.22.5.1179
[18:01:20] [modloading-worker-0/INFO] - sophisticatedcore: 1.1.5.841
[18:01:20] [modloading-worker-0/INFO] - sophisticatedstorage: 1.2.8.1046
[18:01:20] [modloading-worker-0/INFO] - spark: 1.10.53
[18:01:20] [modloading-worker-0/INFO] - spectrelib: 0.13.15+1.20.1
[18:01:20] [modloading-worker-0/INFO] - starlight: 1.1.2+forge.1cda73c
[18:01:20] [modloading-worker-0/INFO] - storagedelight: 24.12.15-1.20-forge
[18:01:20] [modloading-worker-0/INFO] - storagedrawers: 12.9.13
[18:01:20] [modloading-worker-0/INFO] - supermartijn642configlib: 1.1.8
[18:01:20] [modloading-worker-0/INFO] - supermartijn642corelib: 1.1.18
[18:01:20] [modloading-worker-0/INFO] - tectonic: 2.4.1
[18:01:20] [modloading-worker-0/INFO] - terrablender: 3.0.1.7
[18:01:20] [modloading-worker-0/INFO] - terralith: 2.5.4
[18:01:20] [modloading-worker-0/INFO] - tetra: 6.8.0
[18:01:20] [modloading-worker-0/INFO] - tickrateapi: 1.0.0
[18:01:20] [modloading-worker-0/INFO] - tombstone: 8.9.0
[18:01:20] [modloading-worker-0/INFO] - toms_storage: 1.7.0
[18:01:20] [modloading-worker-0/INFO] - toofast: 0.4.3.5
[18:01:20] [modloading-worker-0/INFO] - toolbelt: 1.20.02
[18:01:20] [modloading-worker-0/INFO] - trade_cycling: 1.20.1-1.0.15
[18:01:20] [modloading-worker-0/INFO] - travelerstitles: 1.20-Forge-4.0.2
[18:01:20] [modloading-worker-0/INFO] - twilightforest: 4.3.2508
[18:01:20] [modloading-worker-0/INFO] - w2w2: 1.0
[18:01:20] [modloading-worker-0/INFO] - waystones: 14.1.6
[18:01:20] [modloading-worker-0/INFO] - worldedit: 7.2.15+6463-5ca4dff
[18:01:20] [modloading-worker-0/INFO] - xaerominimap: 25.0.0
[18:01:20] [modloading-worker-0/INFO] - xaeroworldmap: 1.39.2
[18:01:20] [modloading-worker-0/INFO] - yungsapi: 1.20-Forge-4.0.6
[18:01:20] [modloading-worker-0/INFO] - zeta: 1.0-24
[18:01:20] [modloading-worker-0/INFO] ========================================
[18:01:20] [modloading-worker-0/INFO] [REI] Registered plugin provider AetherREIServerPlugin [aether] for REIPlugin
[18:01:20] [modloading-worker-0/INFO] [REI] Registered plugin provider DefaultPluginImpl [roughlyenoughitems] for REIServerPlugin
[18:01:20] [modloading-worker-0/INFO] [REI] Registered plugin provider DefaultPluginImpl [roughlyenoughitems] for REIPlugin
[18:01:20] [modloading-worker-0/INFO] [REI] Registered plugin provider DefaultRuntimePlugin [roughlyenoughitems] for REIServerPlugin
[18:01:20] [modloading-worker-0/INFO] [REI] Registered plugin provider DefaultRuntimePlugin [roughlyenoughitems] for REIPlugin
[18:01:20] [modloading-worker-0/INFO] [REI] Registered plugin provider AetherREIServerPlugin [aether] for REIServerPlugin
[18:01:38] [Worker-Main-3/DEBUG] [REI] Processed 0 tags in 34.32 μs for minecraft:dimension_type
[18:01:38] [Worker-Main-3/DEBUG] [REI] Processed 5 tags in 624.1 μs for minecraft:sound_event
[18:01:38] [Worker-Main-3/DEBUG] [REI] Processed 0 tags in 8.436 μs for minecraft:worldgen/world_preset
[18:01:38] [Worker-Main-3/DEBUG] [REI] Processed 0 tags in 19.95 μs for minecraft:damage_type
[18:01:38] [Worker-Main-4/DEBUG] [REI] Processed 5 tags in 39.65 μs for minecraft:enchantment
[18:01:38] [Worker-Main-3/DEBUG] [REI] Processed 1 tags in 61.94 μs for minecraft:painting_variant
[18:01:38] [Worker-Main-3/DEBUG] [REI] Processed 2 tags in 68.43 μs for minecraft:mob_effect
[18:01:38] [Worker-Main-4/DEBUG] [REI] Processed 5 tags in 216.6 μs for minecraft:game_event
[18:01:38] [Worker-Main-2/DEBUG] [REI] Processed 0 tags in 272.8 μs for minecraft:worldgen/biome
[18:01:38] [Worker-Main-2/DEBUG] [REI] Processed 0 tags in 33.41 μs for minecraft:worldgen/structure_set
[18:01:38] [Worker-Main-4/DEBUG] [REI] Processed 0 tags in 67.28 μs for minecraft:worldgen/structure
[18:01:38] [Worker-Main-2/DEBUG] [REI] Processed 0 tags in 6.812 μs for minecraft:worldgen/flat_level_generator_preset
[18:01:38] [Worker-Main-3/DEBUG] [REI] Processed 0 tags in 18.68 μs for twilight:wood_palettes
[18:01:38] [Worker-Main-4/DEBUG] [REI] Processed 2 tags in 72.49 μs for minecraft:block_entity_type
[18:01:38] [Worker-Main-4/DEBUG] [REI] Processed 137 tags in 783.5 μs for minecraft:entity_type
[18:01:39] [Worker-Main-3/DEBUG] [REI] Processed 1349 tags in 20.41 ms for minecraft:item
[18:01:39] [Worker-Main-2/DEBUG] [REI] Processed 958 tags in 17.31 ms for minecraft:block
[18:01:39] [Worker-Main-2/DEBUG] [REI] Processed 0 tags in 17.03 μs for minecraft:worldgen/density_function
[18:01:39] [Worker-Main-2/DEBUG] [REI] Processed 3 tags in 54.16 μs for minecraft:instrument
[18:01:39] [Worker-Main-4/DEBUG] [REI] Processed 3 tags in 110.5 μs for minecraft:point_of_interest_type
[18:01:39] [Worker-Main-4/DEBUG] [REI] Processed 1 tags in 7.364 μs for minecraft:recipe_serializer
[18:01:39] [Worker-Main-4/DEBUG] [REI] Processed 2 tags in 26.11 μs for minecraft:cat_variant
[18:01:39] [Worker-Main-4/DEBUG] [REI] Processed 0 tags in 7.053 μs for minecraft:worldgen/processor_list
[18:01:39] [Worker-Main-2/DEBUG] [REI] Processed 21 tags in 1.624 ms for minecraft:banner_pattern
[18:01:39] [Worker-Main-3/DEBUG] [REI] Processed 49 tags in 137.0 μs for minecraft:fluid
[18:01:43] [main/DEBUG] [REI] Starting Reload Plugins of stage null
java.lang.Throwable
	at TRANSFORMER/roughlyenoughitems@12.1.785/me.shedaniel.rei.impl.common.plugins.ReloadManagerImpl.reloadPlugins(ReloadManagerImpl.java:110)
	at TRANSFORMER/roughlyenoughitems@12.1.785/me.shedaniel.rei.RoughlyEnoughItemsCore.lambda$onInitialize$5(RoughlyEnoughItemsCore.java:163)
	at java.base/java.util.concurrent.CompletableFuture$UniRun.tryFire(CompletableFuture.java:787)
	at java.base/java.util.concurrent.CompletableFuture$Completion.run(CompletableFuture.java:482)
	at TRANSFORMER/minecraft@1.20.1/net.minecraft.server.packs.resources.SimpleReloadInstance.m_143940_(SimpleReloadInstance.java:69)
	at TRANSFORMER/minecraft@1.20.1/net.minecraft.Util.m_214652_(Util.java:783)
	at TRANSFORMER/minecraft@1.20.1/net.minecraft.Util.m_214679_(Util.java:772)
	at TRANSFORMER/minecraft@1.20.1/net.minecraft.server.Main.main(Main.java:166)
	at java.base/jdk.internal.reflect.DirectMethodHandleAccessor.invoke(DirectMethodHandleAccessor.java:103)
	at java.base/java.lang.reflect.Method.invoke(Method.java:580)
	at MC-BOOTSTRAP/fmlloader@1.20.1-47.3.7/net.minecraftforge.fml.loading.targets.CommonLaunchHandler.runTarget(CommonLaunchHandler.java:111)
	at MC-BOOTSTRAP/fmlloader@1.20.1-47.3.7/net.minecraftforge.fml.loading.targets.CommonLaunchHandler.serverService(CommonLaunchHandler.java:103)
	at MC-BOOTSTRAP/fmlloader@1.20.1-47.3.7/net.minecraftforge.fml.loading.targets.CommonServerLaunchHandler.lambda$makeService$0(CommonServerLaunchHandler.java:27)
	at MC-BOOTSTRAP/cpw.mods.modlauncher@10.0.9/cpw.mods.modlauncher.LaunchServiceHandlerDecorator.launch(LaunchServiceHandlerDecorator.java:30)
	at MC-BOOTSTRAP/cpw.mods.modlauncher@10.0.9/cpw.mods.modlauncher.LaunchServiceHandler.launch(LaunchServiceHandler.java:53)
	at MC-BOOTSTRAP/cpw.mods.modlauncher@10.0.9/cpw.mods.modlauncher.LaunchServiceHandler.launch(LaunchServiceHandler.java:71)
	at MC-BOOTSTRAP/cpw.mods.modlauncher@10.0.9/cpw.mods.modlauncher.Launcher.run(Launcher.java:108)
	at MC-BOOTSTRAP/cpw.mods.modlauncher@10.0.9/cpw.mods.modlauncher.Launcher.main(Launcher.java:78)
	at MC-BOOTSTRAP/cpw.mods.modlauncher@10.0.9/cpw.mods.modlauncher.BootstrapLaunchConsumer.accept(BootstrapLaunchConsumer.java:26)
	at MC-BOOTSTRAP/cpw.mods.modlauncher@10.0.9/cpw.mods.modlauncher.BootstrapLaunchConsumer.accept(BootstrapLaunchConsumer.java:23)
	at cpw.mods.bootstraplauncher@1.1.2/cpw.mods.bootstraplauncher.BootstrapLauncher.main(BootstrapLauncher.java:141)
[18:01:43] [main/DEBUG] [REI] ========================================
[18:01:43] [main/DEBUG] [REI] REIPlugin starting pre-reload for START.
[18:01:43] [main/DEBUG] [REI] Reloadables (7):
[18:01:43] [main/DEBUG] [REI]  - EntryTypeRegistryImpl
[18:01:43] [main/DEBUG] [REI]  - EntrySettingsAdapterRegistryImpl
[18:01:43] [main/DEBUG] [REI]  - RecipeManagerContextImpl
[18:01:43] [main/DEBUG] [REI]  - ItemComparatorRegistryImpl
[18:01:43] [main/DEBUG] [REI]  - FluidComparatorRegistryImpl
[18:01:43] [main/DEBUG] [REI]  - DisplaySerializerRegistryImpl
[18:01:43] [main/DEBUG] [REI]  - FluidSupportProviderImpl
[18:01:43] [main/DEBUG] [REI] Plugins (3):
[18:01:43] [main/DEBUG] [REI]  - (-100.00) DefaultPluginImpl of DefaultPluginImpl [roughlyenoughitems]
[18:01:43] [main/DEBUG] [REI]  - (0.00) DefaultRuntimePlugin of DefaultRuntimePlugin [roughlyenoughitems]
[18:01:43] [main/DEBUG] [REI]  - (0.00) AetherREIServerPlugin of AetherREIServerPlugin [aether]
[18:01:43] [main/DEBUG] [REI] ========================================
[18:01:43] [main/TRACE] [REI] [REIPlugin START] Reloading Section: "pre-register/"
[18:01:43] [main/TRACE] [REI] [REIPlugin START] Reloading Section: "pre-register/DefaultPluginImpl of DefaultPluginImpl [roughlyenoughitems]/"
[18:01:43] [main/TRACE] [REI] [REIPlugin START] Reloading Section: "pre-register/DefaultPluginImpl of DefaultPluginImpl [roughlyenoughitems]/" done in 710.8 μs
[18:01:43] [main/TRACE] [REI] [REIPlugin START] Reloading Section: "pre-register/DefaultRuntimePlugin of DefaultRuntimePlugin [roughlyenoughitems]/"
[18:01:43] [main/TRACE] [REI] [REIPlugin START] Reloading Section: "pre-register/DefaultRuntimePlugin of DefaultRuntimePlugin [roughlyenoughitems]/" done in 55.38 μs
[18:01:43] [main/TRACE] [REI] [REIPlugin START] Reloading Section: "pre-register/AetherREIServerPlugin of AetherREIServerPlugin [aether]/"
[18:01:43] [main/TRACE] [REI] [REIPlugin START] Reloading Section: "pre-register/AetherREIServerPlugin of AetherREIServerPlugin [aether]/" done in 47.66 μs
[18:01:43] [main/TRACE] [REI] [REIPlugin START] Reloading Section: "pre-register/" done in 10.98 ms
[18:01:43] [main/TRACE] [REI] [REIPlugin START] Reloading Section: "pre-stage/"
[18:01:43] [main/TRACE] [REI] [REIPlugin START] Reloading Section: "pre-stage/EntryTypeRegistryImpl/"
[18:01:43] [main/TRACE] [REI] [REIPlugin START] Reloading Section: "pre-stage/EntryTypeRegistryImpl/" done in 219.8 μs
[18:01:43] [main/TRACE] [REI] [REIPlugin START] Reloading Section: "pre-stage/EntrySettingsAdapterRegistryImpl/"
[18:01:43] [main/TRACE] [REI] [REIPlugin START] Reloading Section: "pre-stage/EntrySettingsAdapterRegistryImpl/" done in 73.39 μs
[18:01:43] [main/TRACE] [REI] [REIPlugin START] Reloading Section: "pre-stage/RecipeManagerContextImpl/"
[18:01:43] [main/TRACE] [REI] [REIPlugin START] Reloading Section: "pre-stage/RecipeManagerContextImpl/" done in 45.16 μs
[18:01:43] [main/TRACE] [REI] [REIPlugin START] Reloading Section: "pre-stage/ItemComparatorRegistryImpl/"
[18:01:43] [main/TRACE] [REI] [REIPlugin START] Reloading Section: "pre-stage/ItemComparatorRegistryImpl/" done in 41.56 μs
[18:01:43] [main/TRACE] [REI] [REIPlugin START] Reloading Section: "pre-stage/FluidComparatorRegistryImpl/"
[18:01:43] [main/TRACE] [REI] [REIPlugin START] Reloading Section: "pre-stage/FluidComparatorRegistryImpl/" done in 38.08 μs
[18:01:43] [main/TRACE] [REI] [REIPlugin START] Reloading Section: "pre-stage/DisplaySerializerRegistryImpl/"
[18:01:43] [main/TRACE] [REI] [REIPlugin START] Reloading Section: "pre-stage/DisplaySerializerRegistryImpl/" done in 37.87 μs
[18:01:43] [main/TRACE] [REI] [REIPlugin START] Reloading Section: "pre-stage/FluidSupportProviderImpl/"
[18:01:43] [main/TRACE] [REI] [REIPlugin START] Reloading Section: "pre-stage/FluidSupportProviderImpl/" done in 37.77 μs
[18:01:43] [main/TRACE] [REI] [REIPlugin START] Reloading Section: "pre-stage/" done in 1.072 ms
[18:01:43] [main/DEBUG] [REI] ========================================
[18:01:43] [main/DEBUG] [REI] REIPlugin finished pre-reload for START in 12.52 ms.
[18:01:43] [main/DEBUG] [REI] ========================================
[18:01:43] [main/DEBUG] [REI] ========================================
[18:01:43] [main/DEBUG] [REI] REIServerPlugin starting pre-reload for START.
[18:01:43] [main/DEBUG] [REI] Reloadables (2):
[18:01:43] [main/DEBUG] [REI]  - MenuInfoRegistryImpl
[18:01:43] [main/DEBUG] [REI]  - SlotAccessorRegistryImpl
[18:01:43] [main/DEBUG] [REI] Plugins (3):
[18:01:43] [main/DEBUG] [REI]  - (-100.00) DefaultPluginImpl of DefaultPluginImpl [roughlyenoughitems]
[18:01:43] [main/DEBUG] [REI]  - (0.00) AetherREIServerPlugin of AetherREIServerPlugin [aether]
[18:01:43] [main/DEBUG] [REI]  - (0.00) DefaultRuntimePlugin of DefaultRuntimePlugin [roughlyenoughitems]
[18:01:43] [main/DEBUG] [REI] ========================================
[18:01:43] [main/TRACE] [REI] [REIServerPlugin START] Reloading Section: "pre-register/"
[18:01:43] [main/TRACE] [REI] [REIServerPlugin START] Reloading Section: "pre-register/DefaultPluginImpl of DefaultPluginImpl [roughlyenoughitems]/"
[18:01:43] [main/TRACE] [REI] [REIServerPlugin START] Reloading Section: "pre-register/DefaultPluginImpl of DefaultPluginImpl [roughlyenoughitems]/" done in 64.03 μs
[18:01:43] [main/TRACE] [REI] [REIServerPlugin START] Reloading Section: "pre-register/AetherREIServerPlugin of AetherREIServerPlugin [aether]/"
[18:01:43] [main/TRACE] [REI] [REIServerPlugin START] Reloading Section: "pre-register/AetherREIServerPlugin of AetherREIServerPlugin [aether]/" done in 49.21 μs
[18:01:43] [main/TRACE] [REI] [REIServerPlugin START] Reloading Section: "pre-register/DefaultRuntimePlugin of DefaultRuntimePlugin [roughlyenoughitems]/"
[18:01:43] [main/TRACE] [REI] [REIServerPlugin START] Reloading Section: "pre-register/DefaultRuntimePlugin of DefaultRuntimePlugin [roughlyenoughitems]/" done in 40.73 μs
[18:01:43] [main/TRACE] [REI] [REIServerPlugin START] Reloading Section: "pre-register/" done in 526.2 μs
[18:01:43] [main/TRACE] [REI] [REIServerPlugin START] Reloading Section: "pre-stage/"
[18:01:43] [main/TRACE] [REI] [REIServerPlugin START] Reloading Section: "pre-stage/MenuInfoRegistryImpl/"
[18:01:43] [main/TRACE] [REI] [REIServerPlugin START] Reloading Section: "pre-stage/MenuInfoRegistryImpl/" done in 39.77 μs
[18:01:43] [main/TRACE] [REI] [REIServerPlugin START] Reloading Section: "pre-stage/SlotAccessorRegistryImpl/"
[18:01:43] [main/TRACE] [REI] [REIServerPlugin START] Reloading Section: "pre-stage/SlotAccessorRegistryImpl/" done in 39.77 μs
[18:01:43] [main/TRACE] [REI] [REIServerPlugin START] Reloading Section: "pre-stage/" done in 257.5 μs
[18:01:43] [main/DEBUG] [REI] ========================================
[18:01:43] [main/DEBUG] [REI] REIServerPlugin finished pre-reload for START in 912.5 μs.
[18:01:43] [main/DEBUG] [REI] ========================================
[18:01:43] [main/INFO] [REI] ~~~~~~~~~~~~~~~~~~~~~~~~~~~~~~~~~~~~~~~~
[18:01:43] [main/INFO] [REI] REIPlugin starting main-reload for START.
[18:01:43] [main/DEBUG] [REI] Reloadables (7):
[18:01:43] [main/DEBUG] [REI]  - EntryTypeRegistryImpl
[18:01:43] [main/DEBUG] [REI]  - EntrySettingsAdapterRegistryImpl
[18:01:43] [main/DEBUG] [REI]  - RecipeManagerContextImpl
[18:01:43] [main/DEBUG] [REI]  - ItemComparatorRegistryImpl
[18:01:43] [main/DEBUG] [REI]  - FluidComparatorRegistryImpl
[18:01:43] [main/DEBUG] [REI]  - DisplaySerializerRegistryImpl
[18:01:43] [main/DEBUG] [REI]  - FluidSupportProviderImpl
[18:01:43] [main/INFO] [REI] Plugins (3):
[18:01:43] [main/INFO] [REI]  - (-100.00) DefaultPluginImpl of DefaultPluginImpl [roughlyenoughitems]
[18:01:43] [main/INFO] [REI]  - (0.00) DefaultRuntimePlugin of DefaultRuntimePlugin [roughlyenoughitems]
[18:01:43] [main/INFO] [REI]  - (0.00) AetherREIServerPlugin of AetherREIServerPlugin [aether]
[18:01:43] [main/INFO] [REI] ~~~~~~~~~~~~~~~~~~~~~~~~~~~~~~~~~~~~~~~~
[18:01:43] [main/TRACE] [REI] [REIPlugin START] Reloading Section: "start-reload/"
[18:01:43] [main/TRACE] [REI] [REIPlugin START] Reloading Section: "start-reload/EntryTypeRegistryImpl/"
[18:01:43] [main/TRACE] [REI] [REIPlugin START] Reloading Section: "start-reload/EntryTypeRegistryImpl/" done in 126.3 μs
[18:01:43] [main/TRACE] [REI] [REIPlugin START] Reloading Section: "start-reload/EntrySettingsAdapterRegistryImpl/"
[18:01:43] [main/TRACE] [REI] [REIPlugin START] Reloading Section: "start-reload/EntrySettingsAdapterRegistryImpl/" done in 50.84 μs
[18:01:43] [main/TRACE] [REI] [REIPlugin START] Reloading Section: "start-reload/RecipeManagerContextImpl/"
[18:01:43] [main/TRACE] [REI] [REIPlugin START] Reloading Section: "start-reload/RecipeManagerContextImpl/" done in 37.55 μs
[18:01:43] [main/TRACE] [REI] [REIPlugin START] Reloading Section: "start-reload/ItemComparatorRegistryImpl/"
[18:01:43] [main/TRACE] [REI] [REIPlugin START] Reloading Section: "start-reload/ItemComparatorRegistryImpl/" done in 57.20 μs
[18:01:43] [main/TRACE] [REI] [REIPlugin START] Reloading Section: "start-reload/FluidComparatorRegistryImpl/"
[18:01:43] [main/TRACE] [REI] [REIPlugin START] Reloading Section: "start-reload/FluidComparatorRegistryImpl/" done in 44.40 μs
[18:01:43] [main/TRACE] [REI] [REIPlugin START] Reloading Section: "start-reload/DisplaySerializerRegistryImpl/"
[18:01:43] [main/TRACE] [REI] [REIPlugin START] Reloading Section: "start-reload/DisplaySerializerRegistryImpl/" done in 43.52 μs
[18:01:43] [main/TRACE] [REI] [REIPlugin START] Reloading Section: "start-reload/FluidSupportProviderImpl/"
[18:01:43] [main/TRACE] [REI] [REIPlugin START] Reloading Section: "start-reload/FluidSupportProviderImpl/" done in 50.55 μs
[18:01:43] [main/TRACE] [REI] [REIPlugin START] Reloading Section: "start-reload/" done in 1.010 ms
[18:01:43] [main/DEBUG] [REI] ========================================
[18:01:43] [main/DEBUG] [REI] REIPlugin started main-reload for START.
[18:01:43] [main/DEBUG] [REI] ========================================
[18:01:43] [main/TRACE] [REI] [REIPlugin START] Reloading Section: "reloadable-plugin/EntryTypeRegistryImpl/"
[18:01:43] [main/TRACE] [REI] [REIPlugin START] Reloading Section: "reloadable-plugin/EntryTypeRegistryImpl/DefaultPluginImpl of DefaultPluginImpl [roughlyenoughitems]/"
[18:01:43] [main/TRACE] [REI] [REIPlugin START] Reloading Section: "reloadable-plugin/EntryTypeRegistryImpl/DefaultPluginImpl of DefaultPluginImpl [roughlyenoughitems]/" done in 221.1 μs
[18:01:43] [main/TRACE] [REI] [REIPlugin START] Reloading Section: "reloadable-plugin/EntryTypeRegistryImpl/DefaultRuntimePlugin of DefaultRuntimePlugin [roughlyenoughitems]/"
[18:01:43] [main/TRACE] [REI] [REIPlugin START] Reloading Section: "reloadable-plugin/EntryTypeRegistryImpl/DefaultRuntimePlugin of DefaultRuntimePlugin [roughlyenoughitems]/" done in 4.741 ms
[18:01:43] [main/TRACE] [REI] [REIPlugin START] Reloading Section: "reloadable-plugin/EntryTypeRegistryImpl/AetherREIServerPlugin of AetherREIServerPlugin [aether]/"
[18:01:43] [main/TRACE] [REI] [REIPlugin START] Reloading Section: "reloadable-plugin/EntryTypeRegistryImpl/AetherREIServerPlugin of AetherREIServerPlugin [aether]/" done in 59.89 μs
[18:01:43] [main/TRACE] [REI] [REIPlugin START] Reloading Section: "reloadable-plugin/EntryTypeRegistryImpl/" done in 5.660 ms
[18:01:43] [main/TRACE] [REI] [REIPlugin START] Reloading Section: "reloadable-plugin/EntrySettingsAdapterRegistryImpl/"
[18:01:43] [main/TRACE] [REI] [REIPlugin START] Reloading Section: "reloadable-plugin/EntrySettingsAdapterRegistryImpl/DefaultPluginImpl of DefaultPluginImpl [roughlyenoughitems]/"
[18:01:43] [main/TRACE] [REI] [REIPlugin START] Reloading Section: "reloadable-plugin/EntrySettingsAdapterRegistryImpl/DefaultPluginImpl of DefaultPluginImpl [roughlyenoughitems]/" done in 47.63 μs
[18:01:43] [main/TRACE] [REI] [REIPlugin START] Reloading Section: "reloadable-plugin/EntrySettingsAdapterRegistryImpl/DefaultRuntimePlugin of DefaultRuntimePlugin [roughlyenoughitems]/"
[18:01:43] [main/TRACE] [REI] [REIPlugin START] Reloading Section: "reloadable-plugin/EntrySettingsAdapterRegistryImpl/DefaultRuntimePlugin of DefaultRuntimePlugin [roughlyenoughitems]/" done in 49.60 μs
[18:01:43] [main/TRACE] [REI] [REIPlugin START] Reloading Section: "reloadable-plugin/EntrySettingsAdapterRegistryImpl/AetherREIServerPlugin of AetherREIServerPlugin [aether]/"
[18:01:43] [main/TRACE] [REI] [REIPlugin START] Reloading Section: "reloadable-plugin/EntrySettingsAdapterRegistryImpl/AetherREIServerPlugin of AetherREIServerPlugin [aether]/" done in 47.50 μs
[18:01:43] [main/TRACE] [REI] [REIPlugin START] Reloading Section: "reloadable-plugin/EntrySettingsAdapterRegistryImpl/" done in 450.7 μs
[18:01:43] [main/TRACE] [REI] [REIPlugin START] Reloading Section: "reloadable-plugin/RecipeManagerContextImpl/"
[18:01:43] [main/TRACE] [REI] [REIPlugin START] Reloading Section: "reloadable-plugin/RecipeManagerContextImpl/DefaultPluginImpl of DefaultPluginImpl [roughlyenoughitems]/"
[18:01:43] [main/TRACE] [REI] [REIPlugin START] Reloading Section: "reloadable-plugin/RecipeManagerContextImpl/DefaultPluginImpl of DefaultPluginImpl [roughlyenoughitems]/" done in 44.84 μs
[18:01:43] [main/TRACE] [REI] [REIPlugin START] Reloading Section: "reloadable-plugin/RecipeManagerContextImpl/DefaultRuntimePlugin of DefaultRuntimePlugin [roughlyenoughitems]/"
[18:01:43] [main/TRACE] [REI] [REIPlugin START] Reloading Section: "reloadable-plugin/RecipeManagerContextImpl/DefaultRuntimePlugin of DefaultRuntimePlugin [roughlyenoughitems]/" done in 43.17 μs
[18:01:43] [main/TRACE] [REI] [REIPlugin START] Reloading Section: "reloadable-plugin/RecipeManagerContextImpl/AetherREIServerPlugin of AetherREIServerPlugin [aether]/"
[18:01:43] [main/TRACE] [REI] [REIPlugin START] Reloading Section: "reloadable-plugin/RecipeManagerContextImpl/AetherREIServerPlugin of AetherREIServerPlugin [aether]/" done in 42.69 μs
[18:01:43] [main/TRACE] [REI] [REIPlugin START] Reloading Section: "reloadable-plugin/RecipeManagerContextImpl/" done in 371.8 μs
[18:01:43] [main/TRACE] [REI] [REIPlugin START] Reloading Section: "reloadable-plugin/ItemComparatorRegistryImpl/"
[18:01:43] [main/TRACE] [REI] [REIPlugin START] Reloading Section: "reloadable-plugin/ItemComparatorRegistryImpl/DefaultPluginImpl of DefaultPluginImpl [roughlyenoughitems]/"
[18:01:43] [main/TRACE] [REI] [REIPlugin START] Reloading Section: "reloadable-plugin/ItemComparatorRegistryImpl/DefaultPluginImpl of DefaultPluginImpl [roughlyenoughitems]/" done in 894.5 μs
[18:01:43] [main/TRACE] [REI] [REIPlugin START] Reloading Section: "reloadable-plugin/ItemComparatorRegistryImpl/DefaultRuntimePlugin of DefaultRuntimePlugin [roughlyenoughitems]/"
[18:01:43] [main/TRACE] [REI] [REIPlugin START] Reloading Section: "reloadable-plugin/ItemComparatorRegistryImpl/DefaultRuntimePlugin of DefaultRuntimePlugin [roughlyenoughitems]/" done in 50.39 μs
[18:01:43] [main/TRACE] [REI] [REIPlugin START] Reloading Section: "reloadable-plugin/ItemComparatorRegistryImpl/AetherREIServerPlugin of AetherREIServerPlugin [aether]/"
[18:01:43] [main/TRACE] [REI] [REIPlugin START] Reloading Section: "reloadable-plugin/ItemComparatorRegistryImpl/AetherREIServerPlugin of AetherREIServerPlugin [aether]/" done in 47.21 μs
[18:01:43] [main/TRACE] [REI] [REIPlugin START] Reloading Section: "reloadable-plugin/ItemComparatorRegistryImpl/" done in 1.279 ms
[18:01:43] [main/TRACE] [REI] [REIPlugin START] Reloading Section: "reloadable-plugin/FluidComparatorRegistryImpl/"
[18:01:43] [main/TRACE] [REI] [REIPlugin START] Reloading Section: "reloadable-plugin/FluidComparatorRegistryImpl/DefaultPluginImpl of DefaultPluginImpl [roughlyenoughitems]/"
[18:01:43] [main/TRACE] [REI] [REIPlugin START] Reloading Section: "reloadable-plugin/FluidComparatorRegistryImpl/DefaultPluginImpl of DefaultPluginImpl [roughlyenoughitems]/" done in 53.51 μs
[18:01:43] [main/TRACE] [REI] [REIPlugin START] Reloading Section: "reloadable-plugin/FluidComparatorRegistryImpl/DefaultRuntimePlugin of DefaultRuntimePlugin [roughlyenoughitems]/"
[18:01:43] [main/TRACE] [REI] [REIPlugin START] Reloading Section: "reloadable-plugin/FluidComparatorRegistryImpl/DefaultRuntimePlugin of DefaultRuntimePlugin [roughlyenoughitems]/" done in 48.20 μs
[18:01:43] [main/TRACE] [REI] [REIPlugin START] Reloading Section: "reloadable-plugin/FluidComparatorRegistryImpl/AetherREIServerPlugin of AetherREIServerPlugin [aether]/"
[18:01:43] [main/TRACE] [REI] [REIPlugin START] Reloading Section: "reloadable-plugin/FluidComparatorRegistryImpl/AetherREIServerPlugin of AetherREIServerPlugin [aether]/" done in 46.03 μs
[18:01:43] [main/TRACE] [REI] [REIPlugin START] Reloading Section: "reloadable-plugin/FluidComparatorRegistryImpl/" done in 402.1 μs
[18:01:43] [main/TRACE] [REI] [REIPlugin START] Reloading Section: "reloadable-plugin/DisplaySerializerRegistryImpl/"
[18:01:43] [main/TRACE] [REI] [REIPlugin START] Reloading Section: "reloadable-plugin/DisplaySerializerRegistryImpl/DefaultPluginImpl of DefaultPluginImpl [roughlyenoughitems]/"
[18:01:43] [main/TRACE] [REI] [REIPlugin START] Reloading Section: "reloadable-plugin/DisplaySerializerRegistryImpl/DefaultPluginImpl of DefaultPluginImpl [roughlyenoughitems]/" done in 46.19 μs
[18:01:43] [main/TRACE] [REI] [REIPlugin START] Reloading Section: "reloadable-plugin/DisplaySerializerRegistryImpl/DefaultRuntimePlugin of DefaultRuntimePlugin [roughlyenoughitems]/"
[18:01:43] [main/TRACE] [REI] [REIPlugin START] Reloading Section: "reloadable-plugin/DisplaySerializerRegistryImpl/DefaultRuntimePlugin of DefaultRuntimePlugin [roughlyenoughitems]/" done in 49.94 μs
[18:01:43] [main/TRACE] [REI] [REIPlugin START] Reloading Section: "reloadable-plugin/DisplaySerializerRegistryImpl/AetherREIServerPlugin of AetherREIServerPlugin [aether]/"
[18:01:43] [main/TRACE] [REI] [REIPlugin START] Reloading Section: "reloadable-plugin/DisplaySerializerRegistryImpl/AetherREIServerPlugin of AetherREIServerPlugin [aether]/" done in 43.42 μs
[18:01:43] [main/TRACE] [REI] [REIPlugin START] Reloading Section: "reloadable-plugin/DisplaySerializerRegistryImpl/" done in 436.5 μs
[18:01:43] [main/TRACE] [REI] [REIPlugin START] Reloading Section: "reloadable-plugin/FluidSupportProviderImpl/"
[18:01:43] [main/TRACE] [REI] [REIPlugin START] Reloading Section: "reloadable-plugin/FluidSupportProviderImpl/DefaultPluginImpl of DefaultPluginImpl [roughlyenoughitems]/"
[18:01:43] [main/TRACE] [REI] [REIPlugin START] Reloading Section: "reloadable-plugin/FluidSupportProviderImpl/DefaultPluginImpl of DefaultPluginImpl [roughlyenoughitems]/" done in 438.6 μs
[18:01:43] [main/TRACE] [REI] [REIPlugin START] Reloading Section: "reloadable-plugin/FluidSupportProviderImpl/DefaultRuntimePlugin of DefaultRuntimePlugin [roughlyenoughitems]/"
[18:01:43] [main/TRACE] [REI] [REIPlugin START] Reloading Section: "reloadable-plugin/FluidSupportProviderImpl/DefaultRuntimePlugin of DefaultRuntimePlugin [roughlyenoughitems]/" done in 69.95 μs
[18:01:43] [main/TRACE] [REI] [REIPlugin START] Reloading Section: "reloadable-plugin/FluidSupportProviderImpl/AetherREIServerPlugin of AetherREIServerPlugin [aether]/"
[18:01:43] [main/TRACE] [REI] [REIPlugin START] Reloading Section: "reloadable-plugin/FluidSupportProviderImpl/AetherREIServerPlugin of AetherREIServerPlugin [aether]/" done in 60.12 μs
[18:01:43] [main/TRACE] [REI] [REIPlugin START] Reloading Section: "reloadable-plugin/FluidSupportProviderImpl/" done in 920.2 μs
[18:01:43] [main/DEBUG] [REI] ========================================
[18:01:43] [main/DEBUG] [REI] REIPlugin ending main-reload for START.
[18:01:43] [main/DEBUG] [REI] ========================================
[18:01:43] [main/TRACE] [REI] [REIPlugin START] Reloading Section: "end-reload/"
[18:01:43] [main/TRACE] [REI] [REIPlugin START] Reloading Section: "end-reload/EntryTypeRegistryImpl/"
[18:01:43] [main/TRACE] [REI] [REIPlugin START] Reloading Section: "end-reload/EntryTypeRegistryImpl/" done in 102.2 μs
[18:01:43] [main/TRACE] [REI] [REIPlugin START] Reloading Section: "end-reload/EntrySettingsAdapterRegistryImpl/"
[18:01:43] [main/TRACE] [REI] [REIPlugin START] Reloading Section: "end-reload/EntrySettingsAdapterRegistryImpl/" done in 43.07 μs
[18:01:43] [main/TRACE] [REI] [REIPlugin START] Reloading Section: "end-reload/RecipeManagerContextImpl/"
[18:01:43] [main/TRACE] [REI] [REIPlugin START] Reloading Section: "end-reload/RecipeManagerContextImpl/" done in 39.00 μs
[18:01:43] [main/TRACE] [REI] [REIPlugin START] Reloading Section: "end-reload/ItemComparatorRegistryImpl/"
[18:01:43] [main/TRACE] [REI] [REIPlugin START] Reloading Section: "end-reload/ItemComparatorRegistryImpl/" done in 38.06 μs
[18:01:43] [main/TRACE] [REI] [REIPlugin START] Reloading Section: "end-reload/FluidComparatorRegistryImpl/"
[18:01:43] [main/TRACE] [REI] [REIPlugin START] Reloading Section: "end-reload/FluidComparatorRegistryImpl/" done in 39.06 μs
[18:01:43] [main/TRACE] [REI] [REIPlugin START] Reloading Section: "end-reload/DisplaySerializerRegistryImpl/"
[18:01:43] [main/TRACE] [REI] [REIPlugin START] Reloading Section: "end-reload/DisplaySerializerRegistryImpl/" done in 40.63 μs
[18:01:43] [main/TRACE] [REI] [REIPlugin START] Reloading Section: "end-reload/FluidSupportProviderImpl/"
[18:01:43] [main/TRACE] [REI] [REIPlugin START] Reloading Section: "end-reload/FluidSupportProviderImpl/" done in 45.89 μs
[18:01:43] [main/TRACE] [REI] [REIPlugin START] Reloading Section: "end-reload/" done in 889.1 μs
[18:01:43] [main/DEBUG] [REI] ========================================
[18:01:43] [main/DEBUG] [REI] REIPlugin ended main-reload for START in 14.12 ms.
[18:01:43] [main/DEBUG] [REI] ========================================
[18:01:43] [main/INFO] [REI] ----------------------------------------
[18:01:43] [main/INFO] [REI] REIServerPlugin starting main-reload for START.
[18:01:43] [main/DEBUG] [REI] Reloadables (2):
[18:01:43] [main/DEBUG] [REI]  - MenuInfoRegistryImpl
[18:01:43] [main/DEBUG] [REI]  - SlotAccessorRegistryImpl
[18:01:43] [main/INFO] [REI] Plugins (3):
[18:01:43] [main/INFO] [REI]  - (-100.00) DefaultPluginImpl of DefaultPluginImpl [roughlyenoughitems]
[18:01:43] [main/INFO] [REI]  - (0.00) AetherREIServerPlugin of AetherREIServerPlugin [aether]
[18:01:43] [main/INFO] [REI]  - (0.00) DefaultRuntimePlugin of DefaultRuntimePlugin [roughlyenoughitems]
[18:01:43] [main/INFO] [REI] ----------------------------------------
[18:01:43] [main/TRACE] [REI] [REIServerPlugin START] Reloading Section: "start-reload/"
[18:01:43] [main/TRACE] [REI] [REIServerPlugin START] Reloading Section: "start-reload/MenuInfoRegistryImpl/"
[18:01:43] [main/TRACE] [REI] [REIServerPlugin START] Reloading Section: "start-reload/MenuInfoRegistryImpl/" done in 44.11 μs
[18:01:43] [main/TRACE] [REI] [REIServerPlugin START] Reloading Section: "start-reload/SlotAccessorRegistryImpl/"
[18:01:43] [main/TRACE] [REI] [REIServerPlugin START] Reloading Section: "start-reload/SlotAccessorRegistryImpl/" done in 36.96 μs
[18:01:43] [main/TRACE] [REI] [REIServerPlugin START] Reloading Section: "start-reload/" done in 260.6 μs
[18:01:43] [main/DEBUG] [REI] ========================================
[18:01:43] [main/DEBUG] [REI] REIServerPlugin started main-reload for START.
[18:01:43] [main/DEBUG] [REI] ========================================
[18:01:43] [main/TRACE] [REI] [REIServerPlugin START] Reloading Section: "reloadable-plugin/MenuInfoRegistryImpl/"
[18:01:43] [main/TRACE] [REI] [REIServerPlugin START] Reloading Section: "reloadable-plugin/MenuInfoRegistryImpl/DefaultPluginImpl of DefaultPluginImpl [roughlyenoughitems]/"
[18:01:43] [main/TRACE] [REI] [REIServerPlugin START] Reloading Section: "reloadable-plugin/MenuInfoRegistryImpl/DefaultPluginImpl of DefaultPluginImpl [roughlyenoughitems]/" done in 45.01 μs
[18:01:43] [main/TRACE] [REI] [REIServerPlugin START] Reloading Section: "reloadable-plugin/MenuInfoRegistryImpl/AetherREIServerPlugin of AetherREIServerPlugin [aether]/"
[18:01:43] [main/TRACE] [REI] [REIServerPlugin START] Reloading Section: "reloadable-plugin/MenuInfoRegistryImpl/AetherREIServerPlugin of AetherREIServerPlugin [aether]/" done in 39.05 μs
[18:01:43] [main/TRACE] [REI] [REIServerPlugin START] Reloading Section: "reloadable-plugin/MenuInfoRegistryImpl/DefaultRuntimePlugin of DefaultRuntimePlugin [roughlyenoughitems]/"
[18:01:43] [main/TRACE] [REI] [REIServerPlugin START] Reloading Section: "reloadable-plugin/MenuInfoRegistryImpl/DefaultRuntimePlugin of DefaultRuntimePlugin [roughlyenoughitems]/" done in 43.66 μs
[18:01:43] [main/TRACE] [REI] [REIServerPlugin START] Reloading Section: "reloadable-plugin/MenuInfoRegistryImpl/" done in 378.7 μs
[18:01:43] [main/TRACE] [REI] [REIServerPlugin START] Reloading Section: "reloadable-plugin/SlotAccessorRegistryImpl/"
[18:01:43] [main/TRACE] [REI] [REIServerPlugin START] Reloading Section: "reloadable-plugin/SlotAccessorRegistryImpl/DefaultPluginImpl of DefaultPluginImpl [roughlyenoughitems]/"
[18:01:43] [main/TRACE] [REI] [REIServerPlugin START] Reloading Section: "reloadable-plugin/SlotAccessorRegistryImpl/DefaultPluginImpl of DefaultPluginImpl [roughlyenoughitems]/" done in 45.75 μs
[18:01:43] [main/TRACE] [REI] [REIServerPlugin START] Reloading Section: "reloadable-plugin/SlotAccessorRegistryImpl/AetherREIServerPlugin of AetherREIServerPlugin [aether]/"
[18:01:43] [main/TRACE] [REI] [REIServerPlugin START] Reloading Section: "reloadable-plugin/SlotAccessorRegistryImpl/AetherREIServerPlugin of AetherREIServerPlugin [aether]/" done in 48.28 μs
[18:01:43] [main/TRACE] [REI] [REIServerPlugin START] Reloading Section: "reloadable-plugin/SlotAccessorRegistryImpl/DefaultRuntimePlugin of DefaultRuntimePlugin [roughlyenoughitems]/"
[18:01:43] [main/TRACE] [REI] [REIServerPlugin START] Reloading Section: "reloadable-plugin/SlotAccessorRegistryImpl/DefaultRuntimePlugin of DefaultRuntimePlugin [roughlyenoughitems]/" done in 39.80 μs
[18:01:43] [main/TRACE] [REI] [REIServerPlugin START] Reloading Section: "reloadable-plugin/SlotAccessorRegistryImpl/" done in 393.9 μs
[18:01:43] [main/DEBUG] [REI] ========================================
[18:01:43] [main/DEBUG] [REI] REIServerPlugin ending main-reload for START.
[18:01:43] [main/DEBUG] [REI] ========================================
[18:01:43] [main/TRACE] [REI] [REIServerPlugin START] Reloading Section: "end-reload/"
[18:01:43] [main/TRACE] [REI] [REIServerPlugin START] Reloading Section: "end-reload/MenuInfoRegistryImpl/"
[18:01:43] [main/TRACE] [REI] [REIServerPlugin START] Reloading Section: "end-reload/MenuInfoRegistryImpl/" done in 33.31 μs
[18:01:43] [main/TRACE] [REI] [REIServerPlugin START] Reloading Section: "end-reload/SlotAccessorRegistryImpl/"
[18:01:43] [main/TRACE] [REI] [REIServerPlugin START] Reloading Section: "end-reload/SlotAccessorRegistryImpl/" done in 56.98 μs
[18:01:43] [main/TRACE] [REI] [REIServerPlugin START] Reloading Section: "end-reload/" done in 237.5 μs
[18:01:43] [main/DEBUG] [REI] ========================================
[18:01:43] [main/DEBUG] [REI] REIServerPlugin ended main-reload for START in 2.830 ms.
[18:01:43] [main/DEBUG] [REI] ========================================
[18:01:43] [main/DEBUG] [REI] ========================================
[18:01:43] [main/DEBUG] [REI] REIPlugin starting post-reload for START.
[18:01:43] [main/DEBUG] [REI] Reloadables (7):
[18:01:43] [main/DEBUG] [REI]  - EntryTypeRegistryImpl
[18:01:43] [main/DEBUG] [REI]  - EntrySettingsAdapterRegistryImpl
[18:01:43] [main/DEBUG] [REI]  - RecipeManagerContextImpl
[18:01:43] [main/DEBUG] [REI]  - ItemComparatorRegistryImpl
[18:01:43] [main/DEBUG] [REI]  - FluidComparatorRegistryImpl
[18:01:43] [main/DEBUG] [REI]  - DisplaySerializerRegistryImpl
[18:01:43] [main/DEBUG] [REI]  - FluidSupportProviderImpl
[18:01:43] [main/DEBUG] [REI] Plugins (3):
[18:01:43] [main/DEBUG] [REI]  - (-100.00) DefaultPluginImpl of DefaultPluginImpl [roughlyenoughitems]
[18:01:43] [main/DEBUG] [REI]  - (0.00) DefaultRuntimePlugin of DefaultRuntimePlugin [roughlyenoughitems]
[18:01:43] [main/DEBUG] [REI]  - (0.00) AetherREIServerPlugin of AetherREIServerPlugin [aether]
[18:01:43] [main/DEBUG] [REI] ========================================
[18:01:43] [main/TRACE] [REI] [REIPlugin START] Reloading Section: "post-register/"
[18:01:43] [main/TRACE] [REI] [REIPlugin START] Reloading Section: "post-register/DefaultPluginImpl of DefaultPluginImpl [roughlyenoughitems]/"
[18:01:43] [main/TRACE] [REI] [REIPlugin START] Reloading Section: "post-register/DefaultPluginImpl of DefaultPluginImpl [roughlyenoughitems]/" done in 197.1 μs
[18:01:43] [main/TRACE] [REI] [REIPlugin START] Reloading Section: "post-register/DefaultRuntimePlugin of DefaultRuntimePlugin [roughlyenoughitems]/"
[18:01:43] [main/TRACE] [REI] [REIPlugin START] Reloading Section: "post-register/DefaultRuntimePlugin of DefaultRuntimePlugin [roughlyenoughitems]/" done in 42.56 μs
[18:01:43] [main/TRACE] [REI] [REIPlugin START] Reloading Section: "post-register/AetherREIServerPlugin of AetherREIServerPlugin [aether]/"
[18:01:43] [main/TRACE] [REI] [REIPlugin START] Reloading Section: "post-register/AetherREIServerPlugin of AetherREIServerPlugin [aether]/" done in 34.65 μs
[18:01:43] [main/TRACE] [REI] [REIPlugin START] Reloading Section: "post-register/" done in 724.4 μs
[18:01:43] [main/TRACE] [REI] [REIPlugin START] Reloading Section: "post-stage/"
[18:01:43] [main/TRACE] [REI] [REIPlugin START] Reloading Section: "post-stage/EntryTypeRegistryImpl/"
[18:01:43] [main/TRACE] [REI] [REIPlugin START] Reloading Section: "post-stage/EntryTypeRegistryImpl/" done in 37.75 μs
[18:01:43] [main/TRACE] [REI] [REIPlugin START] Reloading Section: "post-stage/EntrySettingsAdapterRegistryImpl/"
[18:01:43] [main/TRACE] [REI] [REIPlugin START] Reloading Section: "post-stage/EntrySettingsAdapterRegistryImpl/" done in 33.81 μs
[18:01:43] [main/TRACE] [REI] [REIPlugin START] Reloading Section: "post-stage/RecipeManagerContextImpl/"
[18:01:43] [main/TRACE] [REI] [REIPlugin START] Reloading Section: "post-stage/RecipeManagerContextImpl/" done in 29.69 μs
[18:01:43] [main/TRACE] [REI] [REIPlugin START] Reloading Section: "post-stage/ItemComparatorRegistryImpl/"
[18:01:43] [main/TRACE] [REI] [REIPlugin START] Reloading Section: "post-stage/ItemComparatorRegistryImpl/" done in 24.43 μs
[18:01:43] [main/TRACE] [REI] [REIPlugin START] Reloading Section: "post-stage/FluidComparatorRegistryImpl/"
[18:01:43] [main/TRACE] [REI] [REIPlugin START] Reloading Section: "post-stage/FluidComparatorRegistryImpl/" done in 23.54 μs
[18:01:43] [main/TRACE] [REI] [REIPlugin START] Reloading Section: "post-stage/DisplaySerializerRegistryImpl/"
[18:01:43] [main/TRACE] [REI] [REIPlugin START] Reloading Section: "post-stage/DisplaySerializerRegistryImpl/" done in 28.33 μs
[18:01:43] [main/TRACE] [REI] [REIPlugin START] Reloading Section: "post-stage/FluidSupportProviderImpl/"
[18:01:43] [main/TRACE] [REI] [REIPlugin START] Reloading Section: "post-stage/FluidSupportProviderImpl/" done in 31.49 μs
[18:01:43] [main/TRACE] [REI] [REIPlugin START] Reloading Section: "post-stage/" done in 595.0 μs
[18:01:43] [main/DEBUG] [REI] ========================================
[18:01:43] [main/INFO] [REI] REIPlugin finished post-reload for START in 1.430 ms, totaling 28.02 ms.
[18:01:43] [main/DEBUG] [REI] ========================================
[18:01:43] [main/DEBUG] [REI] ========================================
[18:01:43] [main/DEBUG] [REI] REIServerPlugin starting post-reload for START.
[18:01:43] [main/DEBUG] [REI] Reloadables (2):
[18:01:43] [main/DEBUG] [REI]  - MenuInfoRegistryImpl
[18:01:43] [main/DEBUG] [REI]  - SlotAccessorRegistryImpl
[18:01:43] [main/DEBUG] [REI] Plugins (3):
[18:01:43] [main/DEBUG] [REI]  - (-100.00) DefaultPluginImpl of DefaultPluginImpl [roughlyenoughitems]
[18:01:43] [main/DEBUG] [REI]  - (0.00) AetherREIServerPlugin of AetherREIServerPlugin [aether]
[18:01:43] [main/DEBUG] [REI]  - (0.00) DefaultRuntimePlugin of DefaultRuntimePlugin [roughlyenoughitems]
[18:01:43] [main/DEBUG] [REI] ========================================
[18:01:43] [main/TRACE] [REI] [REIServerPlugin START] Reloading Section: "post-register/"
[18:01:43] [main/TRACE] [REI] [REIServerPlugin START] Reloading Section: "post-register/DefaultPluginImpl of DefaultPluginImpl [roughlyenoughitems]/"
[18:01:43] [main/TRACE] [REI] [REIServerPlugin START] Reloading Section: "post-register/DefaultPluginImpl of DefaultPluginImpl [roughlyenoughitems]/" done in 33.74 μs
[18:01:43] [main/TRACE] [REI] [REIServerPlugin START] Reloading Section: "post-register/AetherREIServerPlugin of AetherREIServerPlugin [aether]/"
[18:01:43] [main/TRACE] [REI] [REIServerPlugin START] Reloading Section: "post-register/AetherREIServerPlugin of AetherREIServerPlugin [aether]/" done in 35.36 μs
[18:01:43] [main/TRACE] [REI] [REIServerPlugin START] Reloading Section: "post-register/DefaultRuntimePlugin of DefaultRuntimePlugin [roughlyenoughitems]/"
[18:01:43] [main/TRACE] [REI] [REIServerPlugin START] Reloading Section: "post-register/DefaultRuntimePlugin of DefaultRuntimePlugin [roughlyenoughitems]/" done in 49.59 μs
[18:01:43] [main/TRACE] [REI] [REIServerPlugin START] Reloading Section: "post-register/" done in 410.4 μs
[18:01:43] [main/TRACE] [REI] [REIServerPlugin START] Reloading Section: "post-stage/"
[18:01:43] [main/TRACE] [REI] [REIServerPlugin START] Reloading Section: "post-stage/MenuInfoRegistryImpl/"
[18:01:43] [main/TRACE] [REI] [REIServerPlugin START] Reloading Section: "post-stage/MenuInfoRegistryImpl/" done in 33.72 μs
[18:01:43] [main/TRACE] [REI] [REIServerPlugin START] Reloading Section: "post-stage/SlotAccessorRegistryImpl/"
[18:01:43] [main/TRACE] [REI] [REIServerPlugin START] Reloading Section: "post-stage/SlotAccessorRegistryImpl/" done in 28.76 μs
[18:01:43] [main/TRACE] [REI] [REIServerPlugin START] Reloading Section: "post-stage/" done in 186.4 μs
[18:01:43] [main/DEBUG] [REI] ========================================
[18:01:43] [main/INFO] [REI] REIServerPlugin finished post-reload for START in 688.0 μs, totaling 4.374 ms.
[18:01:43] [main/DEBUG] [REI] ========================================
[18:01:43] [main/DEBUG] [REI] ========================================
[18:01:43] [main/DEBUG] [REI] REIPlugin starting pre-reload for END.
[18:01:43] [main/DEBUG] [REI] Reloadables (7):
[18:01:43] [main/DEBUG] [REI]  - EntryTypeRegistryImpl
[18:01:43] [main/DEBUG] [REI]  - EntrySettingsAdapterRegistryImpl
[18:01:43] [main/DEBUG] [REI]  - RecipeManagerContextImpl
[18:01:43] [main/DEBUG] [REI]  - ItemComparatorRegistryImpl
[18:01:43] [main/DEBUG] [REI]  - FluidComparatorRegistryImpl
[18:01:43] [main/DEBUG] [REI]  - DisplaySerializerRegistryImpl
[18:01:43] [main/DEBUG] [REI]  - FluidSupportProviderImpl
[18:01:43] [main/DEBUG] [REI] Plugins (3):
[18:01:43] [main/DEBUG] [REI]  - (-100.00) DefaultPluginImpl of DefaultPluginImpl [roughlyenoughitems]
[18:01:43] [main/DEBUG] [REI]  - (0.00) DefaultRuntimePlugin of DefaultRuntimePlugin [roughlyenoughitems]
[18:01:43] [main/DEBUG] [REI]  - (0.00) AetherREIServerPlugin of AetherREIServerPlugin [aether]
[18:01:43] [main/DEBUG] [REI] ========================================
[18:01:43] [main/TRACE] [REI] [REIPlugin END] Reloading Section: "pre-register/"
[18:01:43] [main/TRACE] [REI] [REIPlugin END] Reloading Section: "pre-register/DefaultPluginImpl of DefaultPluginImpl [roughlyenoughitems]/"
[18:01:43] [main/TRACE] [REI] [REIPlugin END] Reloading Section: "pre-register/DefaultPluginImpl of DefaultPluginImpl [roughlyenoughitems]/" done in 38.55 μs
[18:01:43] [main/TRACE] [REI] [REIPlugin END] Reloading Section: "pre-register/DefaultRuntimePlugin of DefaultRuntimePlugin [roughlyenoughitems]/"
[18:01:43] [main/TRACE] [REI] [REIPlugin END] Reloading Section: "pre-register/DefaultRuntimePlugin of DefaultRuntimePlugin [roughlyenoughitems]/" done in 33.30 μs
[18:01:43] [main/TRACE] [REI] [REIPlugin END] Reloading Section: "pre-register/AetherREIServerPlugin of AetherREIServerPlugin [aether]/"
[18:01:43] [main/TRACE] [REI] [REIPlugin END] Reloading Section: "pre-register/AetherREIServerPlugin of AetherREIServerPlugin [aether]/" done in 29.39 μs
[18:01:43] [main/TRACE] [REI] [REIPlugin END] Reloading Section: "pre-register/" done in 300.9 μs
[18:01:43] [main/TRACE] [REI] [REIPlugin END] Reloading Section: "pre-stage/"
[18:01:43] [main/TRACE] [REI] [REIPlugin END] Reloading Section: "pre-stage/EntryTypeRegistryImpl/"
[18:01:43] [main/TRACE] [REI] [REIPlugin END] Reloading Section: "pre-stage/EntryTypeRegistryImpl/" done in 32.89 μs
[18:01:43] [main/TRACE] [REI] [REIPlugin END] Reloading Section: "pre-stage/EntrySettingsAdapterRegistryImpl/"
[18:01:43] [main/TRACE] [REI] [REIPlugin END] Reloading Section: "pre-stage/EntrySettingsAdapterRegistryImpl/" done in 30.49 μs
[18:01:43] [main/TRACE] [REI] [REIPlugin END] Reloading Section: "pre-stage/RecipeManagerContextImpl/"
[18:01:43] [main/TRACE] [REI] [REIPlugin END] Reloading Section: "pre-stage/RecipeManagerContextImpl/" done in 30.23 μs
[18:01:43] [main/TRACE] [REI] [REIPlugin END] Reloading Section: "pre-stage/ItemComparatorRegistryImpl/"
[18:01:43] [main/TRACE] [REI] [REIPlugin END] Reloading Section: "pre-stage/ItemComparatorRegistryImpl/" done in 30.53 μs
[18:01:43] [main/TRACE] [REI] [REIPlugin END] Reloading Section: "pre-stage/FluidComparatorRegistryImpl/"
[18:01:43] [main/TRACE] [REI] [REIPlugin END] Reloading Section: "pre-stage/FluidComparatorRegistryImpl/" done in 27.54 μs
[18:01:43] [main/TRACE] [REI] [REIPlugin END] Reloading Section: "pre-stage/DisplaySerializerRegistryImpl/"
[18:01:43] [main/TRACE] [REI] [REIPlugin END] Reloading Section: "pre-stage/DisplaySerializerRegistryImpl/" done in 28.82 μs
[18:01:43] [main/TRACE] [REI] [REIPlugin END] Reloading Section: "pre-stage/FluidSupportProviderImpl/"
[18:01:43] [main/TRACE] [REI] [REIPlugin END] Reloading Section: "pre-stage/FluidSupportProviderImpl/" done in 28.83 μs
[18:01:43] [main/TRACE] [REI] [REIPlugin END] Reloading Section: "pre-stage/" done in 565.7 μs
[18:01:43] [main/DEBUG] [REI] ========================================
[18:01:43] [main/DEBUG] [REI] REIPlugin finished pre-reload for END in 960.0 μs.
[18:01:43] [main/DEBUG] [REI] ========================================
[18:01:43] [main/DEBUG] [REI] ========================================
[18:01:43] [main/DEBUG] [REI] REIServerPlugin starting pre-reload for END.
[18:01:43] [main/DEBUG] [REI] Reloadables (2):
[18:01:43] [main/DEBUG] [REI]  - MenuInfoRegistryImpl
[18:01:43] [main/DEBUG] [REI]  - SlotAccessorRegistryImpl
[18:01:43] [main/DEBUG] [REI] Plugins (3):
[18:01:43] [main/DEBUG] [REI]  - (-100.00) DefaultPluginImpl of DefaultPluginImpl [roughlyenoughitems]
[18:01:43] [main/DEBUG] [REI]  - (0.00) AetherREIServerPlugin of AetherREIServerPlugin [aether]
[18:01:43] [main/DEBUG] [REI]  - (0.00) DefaultRuntimePlugin of DefaultRuntimePlugin [roughlyenoughitems]
[18:01:43] [main/DEBUG] [REI] ========================================
[18:01:43] [main/TRACE] [REI] [REIServerPlugin END] Reloading Section: "pre-register/"
[18:01:43] [main/TRACE] [REI] [REIServerPlugin END] Reloading Section: "pre-register/DefaultPluginImpl of DefaultPluginImpl [roughlyenoughitems]/"
[18:01:43] [main/TRACE] [REI] [REIServerPlugin END] Reloading Section: "pre-register/DefaultPluginImpl of DefaultPluginImpl [roughlyenoughitems]/" done in 32.74 μs
[18:01:43] [main/TRACE] [REI] [REIServerPlugin END] Reloading Section: "pre-register/AetherREIServerPlugin of AetherREIServerPlugin [aether]/"
[18:01:43] [main/TRACE] [REI] [REIServerPlugin END] Reloading Section: "pre-register/AetherREIServerPlugin of AetherREIServerPlugin [aether]/" done in 37.20 μs
[18:01:43] [main/TRACE] [REI] [REIServerPlugin END] Reloading Section: "pre-register/DefaultRuntimePlugin of DefaultRuntimePlugin [roughlyenoughitems]/"
[18:01:43] [main/TRACE] [REI] [REIServerPlugin END] Reloading Section: "pre-register/DefaultRuntimePlugin of DefaultRuntimePlugin [roughlyenoughitems]/" done in 40.39 μs
[18:01:43] [main/TRACE] [REI] [REIServerPlugin END] Reloading Section: "pre-register/" done in 835.0 μs
[18:01:43] [main/TRACE] [REI] [REIServerPlugin END] Reloading Section: "pre-stage/"
[18:01:43] [main/TRACE] [REI] [REIServerPlugin END] Reloading Section: "pre-stage/MenuInfoRegistryImpl/"
[18:01:43] [main/TRACE] [REI] [REIServerPlugin END] Reloading Section: "pre-stage/MenuInfoRegistryImpl/" done in 28.03 μs
[18:01:43] [main/TRACE] [REI] [REIServerPlugin END] Reloading Section: "pre-stage/SlotAccessorRegistryImpl/"
[18:01:43] [main/TRACE] [REI] [REIServerPlugin END] Reloading Section: "pre-stage/SlotAccessorRegistryImpl/" done in 31.30 μs
[18:01:43] [main/TRACE] [REI] [REIServerPlugin END] Reloading Section: "pre-stage/" done in 225.3 μs
[18:01:43] [main/DEBUG] [REI] ========================================
[18:01:43] [main/DEBUG] [REI] REIServerPlugin finished pre-reload for END in 1.153 ms.
[18:01:43] [main/DEBUG] [REI] ========================================
[18:01:43] [main/INFO] [REI] ########################################
[18:01:43] [main/INFO] [REI] REIPlugin starting main-reload for END.
[18:01:43] [main/DEBUG] [REI] Reloadables (7):
[18:01:43] [main/DEBUG] [REI]  - EntryTypeRegistryImpl
[18:01:43] [main/DEBUG] [REI]  - EntrySettingsAdapterRegistryImpl
[18:01:43] [main/DEBUG] [REI]  - RecipeManagerContextImpl
[18:01:43] [main/DEBUG] [REI]  - ItemComparatorRegistryImpl
[18:01:43] [main/DEBUG] [REI]  - FluidComparatorRegistryImpl
[18:01:43] [main/DEBUG] [REI]  - DisplaySerializerRegistryImpl
[18:01:43] [main/DEBUG] [REI]  - FluidSupportProviderImpl
[18:01:43] [main/INFO] [REI] Plugins (3):
[18:01:43] [main/INFO] [REI]  - (-100.00) DefaultPluginImpl of DefaultPluginImpl [roughlyenoughitems]
[18:01:43] [main/INFO] [REI]  - (0.00) DefaultRuntimePlugin of DefaultRuntimePlugin [roughlyenoughitems]
[18:01:43] [main/INFO] [REI]  - (0.00) AetherREIServerPlugin of AetherREIServerPlugin [aether]
[18:01:43] [main/INFO] [REI] ########################################
[18:01:43] [main/TRACE] [REI] [REIPlugin END] Reloading Section: "start-reload/"
[18:01:43] [main/TRACE] [REI] [REIPlugin END] Reloading Section: "start-reload/EntryTypeRegistryImpl/"
[18:01:43] [main/TRACE] [REI] [REIPlugin END] Reloading Section: "start-reload/EntryTypeRegistryImpl/" done in 33.41 μs
[18:01:43] [main/TRACE] [REI] [REIPlugin END] Reloading Section: "start-reload/EntrySettingsAdapterRegistryImpl/"
[18:01:43] [main/TRACE] [REI] [REIPlugin END] Reloading Section: "start-reload/EntrySettingsAdapterRegistryImpl/" done in 42.05 μs
[18:01:43] [main/TRACE] [REI] [REIPlugin END] Reloading Section: "start-reload/RecipeManagerContextImpl/"
[18:01:43] [main/TRACE] [REI] [REIPlugin END] Reloading Section: "start-reload/RecipeManagerContextImpl/" done in 33.86 μs
[18:01:43] [main/TRACE] [REI] [REIPlugin END] Reloading Section: "start-reload/ItemComparatorRegistryImpl/"
[18:01:43] [main/TRACE] [REI] [REIPlugin END] Reloading Section: "start-reload/ItemComparatorRegistryImpl/" done in 30.45 μs
[18:01:43] [main/TRACE] [REI] [REIPlugin END] Reloading Section: "start-reload/FluidComparatorRegistryImpl/"
[18:01:43] [main/TRACE] [REI] [REIPlugin END] Reloading Section: "start-reload/FluidComparatorRegistryImpl/" done in 31.52 μs
[18:01:43] [main/TRACE] [REI] [REIPlugin END] Reloading Section: "start-reload/DisplaySerializerRegistryImpl/"
[18:01:43] [main/TRACE] [REI] [REIPlugin END] Reloading Section: "start-reload/DisplaySerializerRegistryImpl/" done in 45.19 μs
[18:01:43] [main/TRACE] [REI] [REIPlugin END] Reloading Section: "start-reload/FluidSupportProviderImpl/"
[18:01:43] [main/TRACE] [REI] [REIPlugin END] Reloading Section: "start-reload/FluidSupportProviderImpl/" done in 31.81 μs
[18:01:43] [main/TRACE] [REI] [REIPlugin END] Reloading Section: "start-reload/" done in 631.8 μs
[18:01:43] [main/DEBUG] [REI] ========================================
[18:01:43] [main/DEBUG] [REI] REIPlugin started main-reload for END.
[18:01:43] [main/DEBUG] [REI] ========================================
[18:01:43] [main/TRACE] [REI] [REIPlugin END] Reloading Section: "reloadable-plugin/EntryTypeRegistryImpl/"
[18:01:43] [main/TRACE] [REI] [REIPlugin END] Reloading Section: "reloadable-plugin/EntryTypeRegistryImpl/DefaultPluginImpl of DefaultPluginImpl [roughlyenoughitems]/"
[18:01:43] [main/TRACE] [REI] [REIPlugin END] Reloading Section: "reloadable-plugin/EntryTypeRegistryImpl/DefaultPluginImpl of DefaultPluginImpl [roughlyenoughitems]/" done in 37.52 μs
[18:01:43] [main/TRACE] [REI] [REIPlugin END] Reloading Section: "reloadable-plugin/EntryTypeRegistryImpl/DefaultRuntimePlugin of DefaultRuntimePlugin [roughlyenoughitems]/"
[18:01:43] [main/TRACE] [REI] [REIPlugin END] Reloading Section: "reloadable-plugin/EntryTypeRegistryImpl/DefaultRuntimePlugin of DefaultRuntimePlugin [roughlyenoughitems]/" done in 39.85 μs
[18:01:43] [main/TRACE] [REI] [REIPlugin END] Reloading Section: "reloadable-plugin/EntryTypeRegistryImpl/AetherREIServerPlugin of AetherREIServerPlugin [aether]/"
[18:01:43] [main/TRACE] [REI] [REIPlugin END] Reloading Section: "reloadable-plugin/EntryTypeRegistryImpl/AetherREIServerPlugin of AetherREIServerPlugin [aether]/" done in 35.01 μs
[18:01:43] [main/TRACE] [REI] [REIPlugin END] Reloading Section: "reloadable-plugin/EntryTypeRegistryImpl/" done in 308.5 μs
[18:01:43] [main/TRACE] [REI] [REIPlugin END] Reloading Section: "reloadable-plugin/EntrySettingsAdapterRegistryImpl/"
[18:01:43] [main/TRACE] [REI] [REIPlugin END] Reloading Section: "reloadable-plugin/EntrySettingsAdapterRegistryImpl/DefaultPluginImpl of DefaultPluginImpl [roughlyenoughitems]/"
[18:01:43] [main/TRACE] [REI] [REIPlugin END] Reloading Section: "reloadable-plugin/EntrySettingsAdapterRegistryImpl/DefaultPluginImpl of DefaultPluginImpl [roughlyenoughitems]/" done in 45.77 μs
[18:01:43] [main/TRACE] [REI] [REIPlugin END] Reloading Section: "reloadable-plugin/EntrySettingsAdapterRegistryImpl/DefaultRuntimePlugin of DefaultRuntimePlugin [roughlyenoughitems]/"
[18:01:43] [main/TRACE] [REI] [REIPlugin END] Reloading Section: "reloadable-plugin/EntrySettingsAdapterRegistryImpl/DefaultRuntimePlugin of DefaultRuntimePlugin [roughlyenoughitems]/" done in 49.51 μs
[18:01:43] [main/TRACE] [REI] [REIPlugin END] Reloading Section: "reloadable-plugin/EntrySettingsAdapterRegistryImpl/AetherREIServerPlugin of AetherREIServerPlugin [aether]/"
[18:01:43] [main/TRACE] [REI] [REIPlugin END] Reloading Section: "reloadable-plugin/EntrySettingsAdapterRegistryImpl/AetherREIServerPlugin of AetherREIServerPlugin [aether]/" done in 39.54 μs
[18:01:43] [main/TRACE] [REI] [REIPlugin END] Reloading Section: "reloadable-plugin/EntrySettingsAdapterRegistryImpl/" done in 369.1 μs
[18:01:43] [main/TRACE] [REI] [REIPlugin END] Reloading Section: "reloadable-plugin/RecipeManagerContextImpl/"
[18:01:43] [main/TRACE] [REI] [REIPlugin END] Reloading Section: "reloadable-plugin/RecipeManagerContextImpl/DefaultPluginImpl of DefaultPluginImpl [roughlyenoughitems]/"
[18:01:43] [main/TRACE] [REI] [REIPlugin END] Reloading Section: "reloadable-plugin/RecipeManagerContextImpl/DefaultPluginImpl of DefaultPluginImpl [roughlyenoughitems]/" done in 38.31 μs
[18:01:43] [main/TRACE] [REI] [REIPlugin END] Reloading Section: "reloadable-plugin/RecipeManagerContextImpl/DefaultRuntimePlugin of DefaultRuntimePlugin [roughlyenoughitems]/"
[18:01:43] [main/TRACE] [REI] [REIPlugin END] Reloading Section: "reloadable-plugin/RecipeManagerContextImpl/DefaultRuntimePlugin of DefaultRuntimePlugin [roughlyenoughitems]/" done in 38.01 μs
[18:01:43] [main/TRACE] [REI] [REIPlugin END] Reloading Section: "reloadable-plugin/RecipeManagerContextImpl/AetherREIServerPlugin of AetherREIServerPlugin [aether]/"
[18:01:43] [main/TRACE] [REI] [REIPlugin END] Reloading Section: "reloadable-plugin/RecipeManagerContextImpl/AetherREIServerPlugin of AetherREIServerPlugin [aether]/" done in 35.87 μs
[18:01:43] [main/TRACE] [REI] [REIPlugin END] Reloading Section: "reloadable-plugin/RecipeManagerContextImpl/" done in 337.8 μs
[18:01:43] [main/TRACE] [REI] [REIPlugin END] Reloading Section: "reloadable-plugin/ItemComparatorRegistryImpl/"
[18:01:43] [main/TRACE] [REI] [REIPlugin END] Reloading Section: "reloadable-plugin/ItemComparatorRegistryImpl/DefaultPluginImpl of DefaultPluginImpl [roughlyenoughitems]/"
[18:01:43] [main/TRACE] [REI] [REIPlugin END] Reloading Section: "reloadable-plugin/ItemComparatorRegistryImpl/DefaultPluginImpl of DefaultPluginImpl [roughlyenoughitems]/" done in 37.17 μs
[18:01:43] [main/TRACE] [REI] [REIPlugin END] Reloading Section: "reloadable-plugin/ItemComparatorRegistryImpl/DefaultRuntimePlugin of DefaultRuntimePlugin [roughlyenoughitems]/"
[18:01:43] [main/TRACE] [REI] [REIPlugin END] Reloading Section: "reloadable-plugin/ItemComparatorRegistryImpl/DefaultRuntimePlugin of DefaultRuntimePlugin [roughlyenoughitems]/" done in 35.56 μs
[18:01:43] [main/TRACE] [REI] [REIPlugin END] Reloading Section: "reloadable-plugin/ItemComparatorRegistryImpl/AetherREIServerPlugin of AetherREIServerPlugin [aether]/"
[18:01:43] [main/TRACE] [REI] [REIPlugin END] Reloading Section: "reloadable-plugin/ItemComparatorRegistryImpl/AetherREIServerPlugin of AetherREIServerPlugin [aether]/" done in 34.70 μs
[18:01:43] [main/TRACE] [REI] [REIPlugin END] Reloading Section: "reloadable-plugin/ItemComparatorRegistryImpl/" done in 322.0 μs
[18:01:43] [main/TRACE] [REI] [REIPlugin END] Reloading Section: "reloadable-plugin/FluidComparatorRegistryImpl/"
[18:01:43] [main/TRACE] [REI] [REIPlugin END] Reloading Section: "reloadable-plugin/FluidComparatorRegistryImpl/DefaultPluginImpl of DefaultPluginImpl [roughlyenoughitems]/"
[18:01:43] [main/TRACE] [REI] [REIPlugin END] Reloading Section: "reloadable-plugin/FluidComparatorRegistryImpl/DefaultPluginImpl of DefaultPluginImpl [roughlyenoughitems]/" done in 56.68 μs
[18:01:43] [main/TRACE] [REI] [REIPlugin END] Reloading Section: "reloadable-plugin/FluidComparatorRegistryImpl/DefaultRuntimePlugin of DefaultRuntimePlugin [roughlyenoughitems]/"
[18:01:43] [main/TRACE] [REI] [REIPlugin END] Reloading Section: "reloadable-plugin/FluidComparatorRegistryImpl/DefaultRuntimePlugin of DefaultRuntimePlugin [roughlyenoughitems]/" done in 35.63 μs
[18:01:43] [main/TRACE] [REI] [REIPlugin END] Reloading Section: "reloadable-plugin/FluidComparatorRegistryImpl/AetherREIServerPlugin of AetherREIServerPlugin [aether]/"
[18:01:43] [main/TRACE] [REI] [REIPlugin END] Reloading Section: "reloadable-plugin/FluidComparatorRegistryImpl/AetherREIServerPlugin of AetherREIServerPlugin [aether]/" done in 32.82 μs
[18:01:43] [main/TRACE] [REI] [REIPlugin END] Reloading Section: "reloadable-plugin/FluidComparatorRegistryImpl/" done in 311.3 μs
[18:01:43] [main/TRACE] [REI] [REIPlugin END] Reloading Section: "reloadable-plugin/DisplaySerializerRegistryImpl/"
[18:01:43] [main/TRACE] [REI] [REIPlugin END] Reloading Section: "reloadable-plugin/DisplaySerializerRegistryImpl/DefaultPluginImpl of DefaultPluginImpl [roughlyenoughitems]/"
[18:01:43] [main/TRACE] [REI] [REIPlugin END] Reloading Section: "reloadable-plugin/DisplaySerializerRegistryImpl/DefaultPluginImpl of DefaultPluginImpl [roughlyenoughitems]/" done in 16.11 ms
[18:01:43] [main/TRACE] [REI] [REIPlugin END] Reloading Section: "reloadable-plugin/DisplaySerializerRegistryImpl/DefaultRuntimePlugin of DefaultRuntimePlugin [roughlyenoughitems]/"
[18:01:43] [main/TRACE] [REI] [REIPlugin END] Reloading Section: "reloadable-plugin/DisplaySerializerRegistryImpl/DefaultRuntimePlugin of DefaultRuntimePlugin [roughlyenoughitems]/" done in 62.19 μs
[18:01:43] [main/TRACE] [REI] [REIPlugin END] Reloading Section: "reloadable-plugin/DisplaySerializerRegistryImpl/AetherREIServerPlugin of AetherREIServerPlugin [aether]/"
[18:01:43] [main/TRACE] [REI] [REIPlugin END] Reloading Section: "reloadable-plugin/DisplaySerializerRegistryImpl/AetherREIServerPlugin of AetherREIServerPlugin [aether]/" done in 722.0 μs
[18:01:43] [main/TRACE] [REI] [REIPlugin END] Reloading Section: "reloadable-plugin/DisplaySerializerRegistryImpl/" done in 17.35 ms
[18:01:43] [main/TRACE] [REI] [REIPlugin END] Reloading Section: "reloadable-plugin/FluidSupportProviderImpl/"
[18:01:43] [main/TRACE] [REI] [REIPlugin END] Reloading Section: "reloadable-plugin/FluidSupportProviderImpl/DefaultPluginImpl of DefaultPluginImpl [roughlyenoughitems]/"
[18:01:43] [main/TRACE] [REI] [REIPlugin END] Reloading Section: "reloadable-plugin/FluidSupportProviderImpl/DefaultPluginImpl of DefaultPluginImpl [roughlyenoughitems]/" done in 47.59 μs
[18:01:43] [main/TRACE] [REI] [REIPlugin END] Reloading Section: "reloadable-plugin/FluidSupportProviderImpl/DefaultRuntimePlugin of DefaultRuntimePlugin [roughlyenoughitems]/"
[18:01:43] [main/TRACE] [REI] [REIPlugin END] Reloading Section: "reloadable-plugin/FluidSupportProviderImpl/DefaultRuntimePlugin of DefaultRuntimePlugin [roughlyenoughitems]/" done in 44.54 μs
[18:01:43] [main/TRACE] [REI] [REIPlugin END] Reloading Section: "reloadable-plugin/FluidSupportProviderImpl/AetherREIServerPlugin of AetherREIServerPlugin [aether]/"
[18:01:43] [main/TRACE] [REI] [REIPlugin END] Reloading Section: "reloadable-plugin/FluidSupportProviderImpl/AetherREIServerPlugin of AetherREIServerPlugin [aether]/" done in 44.82 μs
[18:01:43] [main/TRACE] [REI] [REIPlugin END] Reloading Section: "reloadable-plugin/FluidSupportProviderImpl/" done in 422.6 μs
[18:01:43] [main/DEBUG] [REI] ========================================
[18:01:43] [main/DEBUG] [REI] REIPlugin ending main-reload for END.
[18:01:43] [main/DEBUG] [REI] ========================================
[18:01:43] [main/TRACE] [REI] [REIPlugin END] Reloading Section: "end-reload/"
[18:01:43] [main/TRACE] [REI] [REIPlugin END] Reloading Section: "end-reload/EntryTypeRegistryImpl/"
[18:01:43] [main/TRACE] [REI] [REIPlugin END] Reloading Section: "end-reload/EntryTypeRegistryImpl/" done in 34.04 μs
[18:01:43] [main/TRACE] [REI] [REIPlugin END] Reloading Section: "end-reload/EntrySettingsAdapterRegistryImpl/"
[18:01:43] [main/TRACE] [REI] [REIPlugin END] Reloading Section: "end-reload/EntrySettingsAdapterRegistryImpl/" done in 41.90 μs
[18:01:43] [main/TRACE] [REI] [REIPlugin END] Reloading Section: "end-reload/RecipeManagerContextImpl/"
[18:01:43] [main/TRACE] [REI] [REIPlugin END] Reloading Section: "end-reload/RecipeManagerContextImpl/" done in 38.06 μs
[18:01:43] [main/TRACE] [REI] [REIPlugin END] Reloading Section: "end-reload/ItemComparatorRegistryImpl/"
[18:01:43] [main/TRACE] [REI] [REIPlugin END] Reloading Section: "end-reload/ItemComparatorRegistryImpl/" done in 34.77 μs
[18:01:43] [main/TRACE] [REI] [REIPlugin END] Reloading Section: "end-reload/FluidComparatorRegistryImpl/"
[18:01:43] [main/TRACE] [REI] [REIPlugin END] Reloading Section: "end-reload/FluidComparatorRegistryImpl/" done in 34.16 μs
[18:01:43] [main/TRACE] [REI] [REIPlugin END] Reloading Section: "end-reload/DisplaySerializerRegistryImpl/"
[18:01:43] [main/TRACE] [REI] [REIPlugin END] Reloading Section: "end-reload/DisplaySerializerRegistryImpl/" done in 39.09 μs
[18:01:43] [main/TRACE] [REI] [REIPlugin END] Reloading Section: "end-reload/FluidSupportProviderImpl/"
[18:01:43] [main/TRACE] [REI] [REIPlugin END] Reloading Section: "end-reload/FluidSupportProviderImpl/" done in 41.01 μs
[18:01:43] [main/TRACE] [REI] [REIPlugin END] Reloading Section: "end-reload/" done in 698.6 μs
[18:01:43] [main/DEBUG] [REI] ========================================
[18:01:43] [main/DEBUG] [REI] REIPlugin ended main-reload for END in 22.51 ms.
[18:01:43] [main/DEBUG] [REI] ========================================
[18:01:43] [main/INFO] [REI] ++++++++++++++++++++++++++++++++++++++++
[18:01:43] [main/INFO] [REI] REIServerPlugin starting main-reload for END.
[18:01:43] [main/DEBUG] [REI] Reloadables (2):
[18:01:43] [main/DEBUG] [REI]  - MenuInfoRegistryImpl
[18:01:43] [main/DEBUG] [REI]  - SlotAccessorRegistryImpl
[18:01:43] [main/INFO] [REI] Plugins (3):
[18:01:43] [main/INFO] [REI]  - (-100.00) DefaultPluginImpl of DefaultPluginImpl [roughlyenoughitems]
[18:01:43] [main/INFO] [REI]  - (0.00) AetherREIServerPlugin of AetherREIServerPlugin [aether]
[18:01:43] [main/INFO] [REI]  - (0.00) DefaultRuntimePlugin of DefaultRuntimePlugin [roughlyenoughitems]
[18:01:43] [main/INFO] [REI] ++++++++++++++++++++++++++++++++++++++++
[18:01:43] [main/TRACE] [REI] [REIServerPlugin END] Reloading Section: "start-reload/"
[18:01:43] [main/TRACE] [REI] [REIServerPlugin END] Reloading Section: "start-reload/MenuInfoRegistryImpl/"
[18:01:43] [main/TRACE] [REI] [REIServerPlugin END] Reloading Section: "start-reload/MenuInfoRegistryImpl/" done in 52.20 μs
[18:01:43] [main/TRACE] [REI] [REIServerPlugin END] Reloading Section: "start-reload/SlotAccessorRegistryImpl/"
[18:01:43] [main/TRACE] [REI] [REIServerPlugin END] Reloading Section: "start-reload/SlotAccessorRegistryImpl/" done in 48.60 μs
[18:01:43] [main/TRACE] [REI] [REIServerPlugin END] Reloading Section: "start-reload/" done in 293.6 μs
[18:01:43] [main/DEBUG] [REI] ========================================
[18:01:43] [main/DEBUG] [REI] REIServerPlugin started main-reload for END.
[18:01:43] [main/DEBUG] [REI] ========================================
[18:01:43] [main/TRACE] [REI] [REIServerPlugin END] Reloading Section: "reloadable-plugin/MenuInfoRegistryImpl/"
[18:01:43] [main/TRACE] [REI] [REIServerPlugin END] Reloading Section: "reloadable-plugin/MenuInfoRegistryImpl/DefaultPluginImpl of DefaultPluginImpl [roughlyenoughitems]/"
[18:01:43] [main/TRACE] [REI] [REIServerPlugin END] Reloading Section: "reloadable-plugin/MenuInfoRegistryImpl/DefaultPluginImpl of DefaultPluginImpl [roughlyenoughitems]/" done in 56.60 μs
[18:01:43] [main/TRACE] [REI] [REIServerPlugin END] Reloading Section: "reloadable-plugin/MenuInfoRegistryImpl/AetherREIServerPlugin of AetherREIServerPlugin [aether]/"
[18:01:43] [main/TRACE] [REI] [REIServerPlugin END] Reloading Section: "reloadable-plugin/MenuInfoRegistryImpl/AetherREIServerPlugin of AetherREIServerPlugin [aether]/" done in 46.33 μs
[18:01:43] [main/TRACE] [REI] [REIServerPlugin END] Reloading Section: "reloadable-plugin/MenuInfoRegistryImpl/DefaultRuntimePlugin of DefaultRuntimePlugin [roughlyenoughitems]/"
[18:01:43] [main/TRACE] [REI] [REIServerPlugin END] Reloading Section: "reloadable-plugin/MenuInfoRegistryImpl/DefaultRuntimePlugin of DefaultRuntimePlugin [roughlyenoughitems]/" done in 45.84 μs
[18:01:43] [main/TRACE] [REI] [REIServerPlugin END] Reloading Section: "reloadable-plugin/MenuInfoRegistryImpl/" done in 430.2 μs
[18:01:43] [main/TRACE] [REI] [REIServerPlugin END] Reloading Section: "reloadable-plugin/SlotAccessorRegistryImpl/"
[18:01:43] [main/TRACE] [REI] [REIServerPlugin END] Reloading Section: "reloadable-plugin/SlotAccessorRegistryImpl/DefaultPluginImpl of DefaultPluginImpl [roughlyenoughitems]/"
[18:01:43] [main/TRACE] [REI] [REIServerPlugin END] Reloading Section: "reloadable-plugin/SlotAccessorRegistryImpl/DefaultPluginImpl of DefaultPluginImpl [roughlyenoughitems]/" done in 55.17 μs
[18:01:43] [main/TRACE] [REI] [REIServerPlugin END] Reloading Section: "reloadable-plugin/SlotAccessorRegistryImpl/AetherREIServerPlugin of AetherREIServerPlugin [aether]/"
[18:01:43] [main/TRACE] [REI] [REIServerPlugin END] Reloading Section: "reloadable-plugin/SlotAccessorRegistryImpl/AetherREIServerPlugin of AetherREIServerPlugin [aether]/" done in 40.36 μs
[18:01:43] [main/TRACE] [REI] [REIServerPlugin END] Reloading Section: "reloadable-plugin/SlotAccessorRegistryImpl/DefaultRuntimePlugin of DefaultRuntimePlugin [roughlyenoughitems]/"
[18:01:43] [main/DEBUG] [REI] Added slot accessor serializer: me.shedaniel.rei.plugin.common.runtime.DefaultRuntimePlugin$1@2836bd5f [roughlyenoughitems:vanilla]
[18:01:43] [main/DEBUG] [REI] Added slot accessor serializer: me.shedaniel.rei.plugin.common.runtime.DefaultRuntimePlugin$2@5b1c7406 [roughlyenoughitems:player]
[18:01:43] [main/TRACE] [REI] [REIServerPlugin END] Reloading Section: "reloadable-plugin/SlotAccessorRegistryImpl/DefaultRuntimePlugin of DefaultRuntimePlugin [roughlyenoughitems]/" done in 1.547 ms
[18:01:43] [main/TRACE] [REI] [REIServerPlugin END] Reloading Section: "reloadable-plugin/SlotAccessorRegistryImpl/" done in 1.888 ms
[18:01:43] [main/DEBUG] [REI] ========================================
[18:01:43] [main/DEBUG] [REI] REIServerPlugin ending main-reload for END.
[18:01:43] [main/DEBUG] [REI] ========================================
[18:01:43] [main/TRACE] [REI] [REIServerPlugin END] Reloading Section: "end-reload/"
[18:01:43] [main/TRACE] [REI] [REIServerPlugin END] Reloading Section: "end-reload/MenuInfoRegistryImpl/"
[18:01:43] [main/DEBUG] [REI] Registered 0 menu infos
[18:01:43] [main/TRACE] [REI] [REIServerPlugin END] Reloading Section: "end-reload/MenuInfoRegistryImpl/" done in 128.8 μs
[18:01:43] [main/TRACE] [REI] [REIServerPlugin END] Reloading Section: "end-reload/SlotAccessorRegistryImpl/"
[18:01:43] [main/DEBUG] [REI] Registered 2 slot accessor serializers
[18:01:43] [main/TRACE] [REI] [REIServerPlugin END] Reloading Section: "end-reload/SlotAccessorRegistryImpl/" done in 143.8 μs
[18:01:43] [main/TRACE] [REI] [REIServerPlugin END] Reloading Section: "end-reload/" done in 454.9 μs
[18:01:43] [main/DEBUG] [REI] ========================================
[18:01:43] [main/DEBUG] [REI] REIServerPlugin ended main-reload for END in 5.399 ms.
[18:01:43] [main/DEBUG] [REI] ========================================
[18:01:43] [main/DEBUG] [REI] ========================================
[18:01:43] [main/DEBUG] [REI] REIPlugin starting post-reload for END.
[18:01:43] [main/DEBUG] [REI] Reloadables (7):
[18:01:43] [main/DEBUG] [REI]  - EntryTypeRegistryImpl
[18:01:43] [main/DEBUG] [REI]  - EntrySettingsAdapterRegistryImpl
[18:01:43] [main/DEBUG] [REI]  - RecipeManagerContextImpl
[18:01:43] [main/DEBUG] [REI]  - ItemComparatorRegistryImpl
[18:01:43] [main/DEBUG] [REI]  - FluidComparatorRegistryImpl
[18:01:43] [main/DEBUG] [REI]  - DisplaySerializerRegistryImpl
[18:01:43] [main/DEBUG] [REI]  - FluidSupportProviderImpl
[18:01:43] [main/DEBUG] [REI] Plugins (3):
[18:01:43] [main/DEBUG] [REI]  - (-100.00) DefaultPluginImpl of DefaultPluginImpl [roughlyenoughitems]
[18:01:43] [main/DEBUG] [REI]  - (0.00) DefaultRuntimePlugin of DefaultRuntimePlugin [roughlyenoughitems]
[18:01:43] [main/DEBUG] [REI]  - (0.00) AetherREIServerPlugin of AetherREIServerPlugin [aether]
[18:01:43] [main/DEBUG] [REI] ========================================
[18:01:43] [main/TRACE] [REI] [REIPlugin END] Reloading Section: "post-register/"
[18:01:43] [main/TRACE] [REI] [REIPlugin END] Reloading Section: "post-register/DefaultPluginImpl of DefaultPluginImpl [roughlyenoughitems]/"
[18:01:43] [main/TRACE] [REI] [REIPlugin END] Reloading Section: "post-register/DefaultPluginImpl of DefaultPluginImpl [roughlyenoughitems]/" done in 40.19 μs
[18:01:43] [main/TRACE] [REI] [REIPlugin END] Reloading Section: "post-register/DefaultRuntimePlugin of DefaultRuntimePlugin [roughlyenoughitems]/"
[18:01:43] [main/TRACE] [REI] [REIPlugin END] Reloading Section: "post-register/DefaultRuntimePlugin of DefaultRuntimePlugin [roughlyenoughitems]/" done in 82.33 μs
[18:01:43] [main/TRACE] [REI] [REIPlugin END] Reloading Section: "post-register/AetherREIServerPlugin of AetherREIServerPlugin [aether]/"
[18:01:43] [main/TRACE] [REI] [REIPlugin END] Reloading Section: "post-register/AetherREIServerPlugin of AetherREIServerPlugin [aether]/" done in 182.0 μs
[18:01:43] [main/TRACE] [REI] [REIPlugin END] Reloading Section: "post-register/" done in 555.7 μs
[18:01:43] [main/TRACE] [REI] [REIPlugin END] Reloading Section: "post-stage/"
[18:01:43] [main/TRACE] [REI] [REIPlugin END] Reloading Section: "post-stage/EntryTypeRegistryImpl/"
[18:01:43] [main/TRACE] [REI] [REIPlugin END] Reloading Section: "post-stage/EntryTypeRegistryImpl/" done in 35.46 μs
[18:01:43] [main/TRACE] [REI] [REIPlugin END] Reloading Section: "post-stage/EntrySettingsAdapterRegistryImpl/"
[18:01:43] [main/TRACE] [REI] [REIPlugin END] Reloading Section: "post-stage/EntrySettingsAdapterRegistryImpl/" done in 39.04 μs
[18:01:43] [main/TRACE] [REI] [REIPlugin END] Reloading Section: "post-stage/RecipeManagerContextImpl/"
[18:01:43] [main/TRACE] [REI] [REIPlugin END] Reloading Section: "post-stage/RecipeManagerContextImpl/" done in 45.80 μs
[18:01:43] [main/TRACE] [REI] [REIPlugin END] Reloading Section: "post-stage/ItemComparatorRegistryImpl/"
[18:01:43] [main/TRACE] [REI] [REIPlugin END] Reloading Section: "post-stage/ItemComparatorRegistryImpl/" done in 91.62 μs
[18:01:43] [main/TRACE] [REI] [REIPlugin END] Reloading Section: "post-stage/FluidComparatorRegistryImpl/"
[18:01:43] [main/TRACE] [REI] [REIPlugin END] Reloading Section: "post-stage/FluidComparatorRegistryImpl/" done in 39.46 μs
[18:01:43] [main/TRACE] [REI] [REIPlugin END] Reloading Section: "post-stage/DisplaySerializerRegistryImpl/"
[18:01:43] [main/TRACE] [REI] [REIPlugin END] Reloading Section: "post-stage/DisplaySerializerRegistryImpl/" done in 42.40 μs
[18:01:43] [main/TRACE] [REI] [REIPlugin END] Reloading Section: "post-stage/FluidSupportProviderImpl/"
[18:01:43] [main/TRACE] [REI] [REIPlugin END] Reloading Section: "post-stage/FluidSupportProviderImpl/" done in 44.59 μs
[18:01:43] [main/TRACE] [REI] [REIPlugin END] Reloading Section: "post-stage/" done in 1.362 ms
[18:01:43] [main/DEBUG] [REI] ========================================
[18:01:43] [main/INFO] [REI] REIPlugin finished post-reload for END in 2.033 ms, totaling 25.45 ms.
[18:01:43] [main/DEBUG] [REI] ========================================
[18:01:43] [main/DEBUG] [REI] ========================================
[18:01:43] [main/DEBUG] [REI] REIServerPlugin starting post-reload for END.
[18:01:43] [main/DEBUG] [REI] Reloadables (2):
[18:01:43] [main/DEBUG] [REI]  - MenuInfoRegistryImpl
[18:01:43] [main/DEBUG] [REI]  - SlotAccessorRegistryImpl
[18:01:43] [main/DEBUG] [REI] Plugins (3):
[18:01:43] [main/DEBUG] [REI]  - (-100.00) DefaultPluginImpl of DefaultPluginImpl [roughlyenoughitems]
[18:01:43] [main/DEBUG] [REI]  - (0.00) AetherREIServerPlugin of AetherREIServerPlugin [aether]
[18:01:43] [main/DEBUG] [REI]  - (0.00) DefaultRuntimePlugin of DefaultRuntimePlugin [roughlyenoughitems]
[18:01:43] [main/DEBUG] [REI] ========================================
[18:01:43] [main/TRACE] [REI] [REIServerPlugin END] Reloading Section: "post-register/"
[18:01:43] [main/TRACE] [REI] [REIServerPlugin END] Reloading Section: "post-register/DefaultPluginImpl of DefaultPluginImpl [roughlyenoughitems]/"
[18:01:43] [main/TRACE] [REI] [REIServerPlugin END] Reloading Section: "post-register/DefaultPluginImpl of DefaultPluginImpl [roughlyenoughitems]/" done in 39.51 μs
[18:01:43] [main/TRACE] [REI] [REIServerPlugin END] Reloading Section: "post-register/AetherREIServerPlugin of AetherREIServerPlugin [aether]/"
[18:01:43] [main/TRACE] [REI] [REIServerPlugin END] Reloading Section: "post-register/AetherREIServerPlugin of AetherREIServerPlugin [aether]/" done in 37.69 μs
[18:01:43] [main/TRACE] [REI] [REIServerPlugin END] Reloading Section: "post-register/DefaultRuntimePlugin of DefaultRuntimePlugin [roughlyenoughitems]/"
[18:01:43] [main/TRACE] [REI] [REIServerPlugin END] Reloading Section: "post-register/DefaultRuntimePlugin of DefaultRuntimePlugin [roughlyenoughitems]/" done in 40.91 μs
[18:01:43] [main/TRACE] [REI] [REIServerPlugin END] Reloading Section: "post-register/" done in 337.8 μs
[18:01:43] [main/TRACE] [REI] [REIServerPlugin END] Reloading Section: "post-stage/"
[18:01:43] [main/TRACE] [REI] [REIServerPlugin END] Reloading Section: "post-stage/MenuInfoRegistryImpl/"
[18:01:43] [main/TRACE] [REI] [REIServerPlugin END] Reloading Section: "post-stage/MenuInfoRegistryImpl/" done in 62.93 μs
[18:01:43] [main/TRACE] [REI] [REIServerPlugin END] Reloading Section: "post-stage/SlotAccessorRegistryImpl/"
[18:01:43] [main/TRACE] [REI] [REIServerPlugin END] Reloading Section: "post-stage/SlotAccessorRegistryImpl/" done in 45.32 μs
[18:01:43] [main/TRACE] [REI] [REIServerPlugin END] Reloading Section: "post-stage/" done in 265.1 μs
[18:01:43] [main/DEBUG] [REI] ========================================
[18:01:43] [main/INFO] [REI] REIServerPlugin finished post-reload for END in 706.7 μs, totaling 7.201 ms.
[18:01:43] [main/DEBUG] [REI] ========================================
